simulation intermediate_p533 root is /bgfs/lchong/pat53/p53forpaper/intermediate_p533
}
}
 [ $? = 0 ] && eval $(${LMOD_SETTARG_CMD:-:} -s sh)
AMBERHOME=/ihome/crc/build/amber/amber18
AMBER_PREFIX=/ihome/crc/build/amber/amber18
AWK=/usr/bin/awk
BASH=/bin/bash
BASH_FUNC_ml()=() {  eval $($LMOD_DIR/ml_cmd "$@")
BASH_FUNC_module()=() {  eval $($LMOD_CMD bash "$@");
CAT=/bin/cat
CLASSPATH=/ihome/crc/install/intel/2017.3.196/compilers_and_libraries_2017.4.196/linux/mpi/intel64/lib/mpi.jar:/ihome/crc/install/intel/2017.3.196/compilers_and_libraries_2017.4.196/linux/daal/lib/daal.jar:/ihome/crc/install/intel/2017.3.196/compilers_and_libraries_2017.4.196/linux/mpi/intel64/lib/mpi.jar:/ihome/crc/install/intel/2017.3.196/compilers_and_libraries_2017.4.196/linux/daal/lib/daal.jar:/ihome/crc/install/intel/2017.3.196/compilers_and_libraries_2017.4.196/linux/mpi/intel64/lib/mpi.jar:/ihome/crc/install/intel/2017.3.196/compilers_and_libraries_2017.4.196/linux/daal/lib/daal.jar:/ihome/crc/install/intel/2017.3.196/compilers_and_libraries_2017.4.196/linux/mpi/intel64/lib/mpi.jar:/ihome/crc/install/intel/2017.3.196/compilers_and_libraries_2017.4.196/linux/daal/lib/daal.jar
CMAKE_PREFIX_PATH=/ihome/crc/install/cuda/9.1.85
CPATH=/ihome/crc/install/intel/2017.3.196/compilers_and_libraries_2017.4.196/linux/ipp/include:/ihome/crc/install/intel/2017.3.196/compilers_and_libraries_2017.4.196/linux/mkl/include:/ihome/crc/install/intel/2017.3.196/compilers_and_libraries_2017.4.196/linux/tbb/include:/ihome/crc/install/intel/2017.3.196/compilers_and_libraries_2017.4.196/linux/daal/include:/ihome/crc/install/intel/2017.3.196/compilers_and_libraries_2017.4.196/linux/ipp/include:/ihome/crc/install/intel/2017.3.196/compilers_and_libraries_2017.4.196/linux/mkl/include:/ihome/crc/install/intel/2017.3.196/compilers_and_libraries_2017.4.196/linux/tbb/include:/ihome/crc/install/intel/2017.3.196/compilers_and_libraries_2017.4.196/linux/daal/include:/ihome/crc/install/intel/2017.3.196/compilers_and_libraries_2017.4.196/linux/ipp/include:/ihome/crc/install/intel/2017.3.196/compilers_and_libraries_2017.4.196/linux/mkl/include:/ihome/crc/install/intel/2017.3.196/compilers_and_libraries_2017.4.196/linux/tbb/include:/ihome/crc/install/intel/2017.3.196/compilers_and_libraries_2017.4.196/linux/daal/include:/ihome/crc/install/intel/2017.3.196/compilers_and_libraries_2017.4.196/linux/ipp/include:/ihome/crc/install/intel/2017.3.196/compilers_and_libraries_2017.4.196/linux/mkl/include:/ihome/crc/install/intel/2017.3.196/compilers_and_libraries_2017.4.196/linux/tbb/include:/ihome/crc/install/intel/2017.3.196/compilers_and_libraries_2017.4.196/linux/daal/include
CP=/bin/cp
CPPTRAJ=/ihome/crc/build/amber/amber18/bin/cpptraj
CUDA_ROOT=/ihome/crc/install/cuda/9.1.85
CUDAROOT=/ihome/crc/install/cuda/9.1.85
CUT=/usr/bin/cut
DAALROOT=/ihome/crc/install/intel/2017.3.196/compilers_and_libraries_2017.4.196/linux/daal
DATE=/bin/date
ECHO=/bin/echo
ENVIRONMENT=BATCH
GDB_CROSS=/ihome/crc/install/intel/2017.3.196/debugger_2017/gdb/intel64_mic/bin/gdb-mic
GDBSERVER_MIC=/ihome/crc/install/intel/2017.3.196/debugger_2017/gdb/targets/mic/bin/gdbserver
GREP=/bin/grep
HEAD=/usr/bin/head
HISTCONTROL=ignoredups
HISTSIZE=1000
HOME=/ihome/lchong/pat53
HOSTNAME=ib-n11
IFCONFIG=/bin/ifconfig
I_MPI_ROOT=/ihome/crc/install/intel/2017.3.196/compilers_and_libraries_2017.4.196/linux/mpi
INFOPATH=/ihome/crc/install/intel/2017.3.196/documentation_2017/en/debugger//gdb-ia/info/:/ihome/crc/install/intel/2017.3.196/documentation_2017/en/debugger//gdb-mic/info/:/ihome/crc/install/intel/2017.3.196/documentation_2017/en/debugger//gdb-igfx/info/:/ihome/crc/install/intel/2017.3.196/documentation_2017/en/debugger//gdb-ia/info/:/ihome/crc/install/intel/2017.3.196/documentation_2017/en/debugger//gdb-mic/info/:/ihome/crc/install/intel/2017.3.196/documentation_2017/en/debugger//gdb-igfx/info/:/ihome/crc/install/intel/2017.3.196/documentation_2017/en/debugger//gdb-ia/info/:/ihome/crc/install/intel/2017.3.196/documentation_2017/en/debugger//gdb-mic/info/:/ihome/crc/install/intel/2017.3.196/documentation_2017/en/debugger//gdb-igfx/info/:/ihome/crc/install/intel/2017.3.196/documentation_2017/en/debugger//gdb-ia/info/:/ihome/crc/install/intel/2017.3.196/documentation_2017/en/debugger//gdb-mic/info/:/ihome/crc/install/intel/2017.3.196/documentation_2017/en/debugger//gdb-igfx/info/
INTEL_LICENSE_FILE=28519@10.201.0.113:/ihome/crc/install/intel/2017.3.196/compilers_and_libraries_2017.4.196/linux/licenses:/opt/intel/licenses:/ihome/lchong/pat53/intel/licenses:/ihome/crc/install/intel/2017.3.196/compilers_and_libraries_2017.4.196/linux/licenses:/opt/intel/licenses:/ihome/lchong/pat53/intel/licenses
INTEL_PYTHONHOME=/ihome/crc/install/intel/2017.3.196/debugger_2017/python/intel64/
IPPROOT=/ihome/crc/install/intel/2017.3.196/compilers_and_libraries_2017.4.196/linux/ipp
KDEDIRS=/usr
LANG=en_US.UTF-8
LD_LIBRARY_PATH=/ihome/crc/install/intel/2017.3.196/compilers_and_libraries_2017.4.196/linux/compiler/lib/intel64:/ihome/crc/install/intel/2017.3.196/compilers_and_libraries_2017.4.196/linux/compiler/lib/intel64_lin:/ihome/crc/install/intel/2017.3.196/compilers_and_libraries_2017.4.196/linux/mpi/intel64/lib:/ihome/crc/install/intel/2017.3.196/compilers_and_libraries_2017.4.196/linux/mpi/mic/lib:/ihome/crc/install/intel/2017.3.196/compilers_and_libraries_2017.4.196/linux/ipp/lib/intel64:/ihome/crc/install/intel/2017.3.196/compilers_and_libraries_2017.4.196/linux/compiler/lib/intel64_lin:/ihome/crc/install/intel/2017.3.196/compilers_and_libraries_2017.4.196/linux/mkl/lib/intel64_lin:/ihome/crc/install/intel/2017.3.196/compilers_and_libraries_2017.4.196/linux/tbb/lib/intel64/gcc4.7:/ihome/crc/install/intel/2017.3.196/debugger_2017/iga/lib:/ihome/crc/install/intel/2017.3.196/debugger_2017/libipt/intel64/lib:/ihome/crc/install/intel/2017.3.196/compilers_and_libraries_2017.4.196/linux/daal/lib/intel64_lin:/ihome/crc/install/intel/2017.3.196/compilers_and_libraries_2017.4.196/linux/compiler/lib/intel64:/ihome/crc/install/intel/2017.3.196/compilers_and_libraries_2017.4.196/linux/compiler/lib/intel64_lin:/ihome/crc/install/intel/2017.3.196/compilers_and_libraries_2017.4.196/linux/mpi/intel64/lib:/ihome/crc/install/intel/2017.3.196/compilers_and_libraries_2017.4.196/linux/mpi/mic/lib:/ihome/crc/install/intel/2017.3.196/compilers_and_libraries_2017.4.196/linux/ipp/lib/intel64:/ihome/crc/install/intel/2017.3.196/compilers_and_libraries_2017.4.196/linux/compiler/lib/intel64_lin:/ihome/crc/install/intel/2017.3.196/compilers_and_libraries_2017.4.196/linux/mkl/lib/intel64_lin:/ihome/crc/install/intel/2017.3.196/compilers_and_libraries_2017.4.196/linux/tbb/lib/intel64/gcc4.7:/ihome/crc/install/intel/2017.3.196/debugger_2017/iga/lib:/ihome/crc/install/intel/2017.3.196/debugger_2017/libipt/intel64/lib:/ihome/crc/install/intel/2017.3.196/compilers_and_libraries_2017.4.196/linux/daal/lib/intel64_lin:/ihome/crc/build/amber/amber18/lib:/usr/lib64:/ihome/crc/install/cuda/9.1.85/lib64/stubs:/ihome/crc/install/cuda/9.1.85/lib64:/ihome/crc/install/intel/2017.3.196/compilers_and_libraries_2017.4.196/linux/compiler/lib/intel64:/ihome/crc/install/intel/2017.3.196/compilers_and_libraries_2017.4.196/linux/compiler/lib/intel64_lin:/ihome/crc/install/intel/2017.3.196/compilers_and_libraries_2017.4.196/linux/mpi/intel64/lib:/ihome/crc/install/intel/2017.3.196/compilers_and_libraries_2017.4.196/linux/mpi/mic/lib:/ihome/crc/install/intel/2017.3.196/compilers_and_libraries_2017.4.196/linux/ipp/lib/intel64:/ihome/crc/install/intel/2017.3.196/compilers_and_libraries_2017.4.196/linux/compiler/lib/intel64_lin:/ihome/crc/install/intel/2017.3.196/compilers_and_libraries_2017.4.196/linux/mkl/lib/intel64_lin:/ihome/crc/install/intel/2017.3.196/compilers_and_libraries_2017.4.196/linux/tbb/lib/intel64/gcc4.7:/ihome/crc/install/intel/2017.3.196/debugger_2017/iga/lib:/ihome/crc/install/intel/2017.3.196/debugger_2017/libipt/intel64/lib:/ihome/crc/install/intel/2017.3.196/compilers_and_libraries_2017.4.196/linux/daal/lib/intel64_lin:/ihome/crc/install/intel/2017.3.196/compilers_and_libraries_2017.4.196/linux/compiler/lib/intel64:/ihome/crc/install/intel/2017.3.196/compilers_and_libraries_2017.4.196/linux/compiler/lib/intel64_lin:/ihome/crc/install/intel/2017.3.196/compilers_and_libraries_2017.4.196/linux/mpi/intel64/lib:/ihome/crc/install/intel/2017.3.196/compilers_and_libraries_2017.4.196/linux/mpi/mic/lib:/ihome/crc/install/intel/2017.3.196/compilers_and_libraries_2017.4.196/linux/ipp/lib/intel64:/ihome/crc/install/intel/2017.3.196/compilers_and_libraries_2017.4.196/linux/compiler/lib/intel64_lin:/ihome/crc/install/intel/2017.3.196/compilers_and_libraries_2017.4.196/linux/mkl/lib/intel64_lin:/ihome/crc/install/intel/2017.3.196/compilers_and_libraries_2017.4.196/linux/tbb/lib/intel64/gcc4.7:/ihome/crc/install/intel/2017.3.196/debugger_2017/iga/lib:/ihome/crc/install/intel/2017.3.196/debugger_2017/libipt/intel64/lib:/ihome/crc/install/intel/2017.3.196/compilers_and_libraries_2017.4.196/linux/daal/lib/intel64_lin:/ihome/crc/install/intel/2017.3.196/compilers_and_libraries_2017.4.196/linux/tbb/lib/intel64_lin/gcc4.4:/zfs1/lchong/atb43/apps/amber18/lib
LESSOPEN=||/usr/bin/lesspipe.sh %s
LIBRARY_PATH=/ihome/crc/install/intel/2017.3.196/compilers_and_libraries_2017.4.196/linux/ipp/lib/intel64:/ihome/crc/install/intel/2017.3.196/compilers_and_libraries_2017.4.196/linux/compiler/lib/intel64_lin:/ihome/crc/install/intel/2017.3.196/compilers_and_libraries_2017.4.196/linux/mkl/lib/intel64_lin:/ihome/crc/install/intel/2017.3.196/compilers_and_libraries_2017.4.196/linux/tbb/lib/intel64/gcc4.7:/ihome/crc/install/intel/2017.3.196/compilers_and_libraries_2017.4.196/linux/daal/lib/intel64_lin:/ihome/crc/install/intel/2017.3.196/compilers_and_libraries_2017.4.196/linux/ipp/lib/intel64:/ihome/crc/install/intel/2017.3.196/compilers_and_libraries_2017.4.196/linux/compiler/lib/intel64_lin:/ihome/crc/install/intel/2017.3.196/compilers_and_libraries_2017.4.196/linux/mkl/lib/intel64_lin:/ihome/crc/install/intel/2017.3.196/compilers_and_libraries_2017.4.196/linux/tbb/lib/intel64/gcc4.7:/ihome/crc/install/intel/2017.3.196/compilers_and_libraries_2017.4.196/linux/daal/lib/intel64_lin:/usr/lib64:/ihome/crc/install/cuda/9.1.85/lib64/stubs:/ihome/crc/install/cuda/9.1.85/lib64:/ihome/crc/install/intel/2017.3.196/compilers_and_libraries_2017.4.196/linux/ipp/lib/intel64:/ihome/crc/install/intel/2017.3.196/compilers_and_libraries_2017.4.196/linux/compiler/lib/intel64_lin:/ihome/crc/install/intel/2017.3.196/compilers_and_libraries_2017.4.196/linux/mkl/lib/intel64_lin:/ihome/crc/install/intel/2017.3.196/compilers_and_libraries_2017.4.196/linux/tbb/lib/intel64/gcc4.7:/ihome/crc/install/intel/2017.3.196/compilers_and_libraries_2017.4.196/linux/daal/lib/intel64_lin:/ihome/crc/install/intel/2017.3.196/compilers_and_libraries_2017.4.196/linux/ipp/lib/intel64:/ihome/crc/install/intel/2017.3.196/compilers_and_libraries_2017.4.196/linux/compiler/lib/intel64_lin:/ihome/crc/install/intel/2017.3.196/compilers_and_libraries_2017.4.196/linux/mkl/lib/intel64_lin:/ihome/crc/install/intel/2017.3.196/compilers_and_libraries_2017.4.196/linux/tbb/lib/intel64/gcc4.7:/ihome/crc/install/intel/2017.3.196/compilers_and_libraries_2017.4.196/linux/daal/lib/intel64_lin:/ihome/crc/install/intel/2017.3.196/compilers_and_libraries_2017.4.196/linux/tbb/lib/intel64_lin/gcc4.4
_LMFILES_=/ihome/crc/modules/Core/intel/2017.3.196.lua:/ihome/crc/modules/Core/cuda/9.1.85.lua:/ihome/crc/modules/Compiler/intel/2017.3.196/amber/18.lua
LMOD_CMD=/ihome/crc/install/lmod/lmod/libexec/lmod
LMOD_DEFAULT_MODULEPATH=/ihome/crc/modules/Core
LMOD_DIR=/ihome/crc/install/lmod/lmod/libexec
LMOD_PKG=/ihome/crc/install/lmod/lmod
LMOD_VERSION=6.6.3
LN=/bin/ln
LOADEDMODULES=intel/2017.3.196:cuda/9.1.85:amber/18
LOCAL=/scratch/slurm-439994
LOGNAME=pat53
LS_COLORS=rs=0:di=38;5;27:ln=38;5;51:mh=44;38;5;15:pi=40;38;5;11:so=38;5;13:do=38;5;5:bd=48;5;232;38;5;11:cd=48;5;232;38;5;3:or=48;5;232;38;5;9:mi=05;48;5;232;38;5;15:su=48;5;196;38;5;15:sg=48;5;11;38;5;16:ca=48;5;196;38;5;226:tw=48;5;10;38;5;16:ow=48;5;10;38;5;21:st=48;5;21;38;5;15:ex=38;5;34:*.tar=38;5;9:*.tgz=38;5;9:*.arc=38;5;9:*.arj=38;5;9:*.taz=38;5;9:*.lha=38;5;9:*.lz4=38;5;9:*.lzh=38;5;9:*.lzma=38;5;9:*.tlz=38;5;9:*.txz=38;5;9:*.tzo=38;5;9:*.t7z=38;5;9:*.zip=38;5;9:*.z=38;5;9:*.Z=38;5;9:*.dz=38;5;9:*.gz=38;5;9:*.lrz=38;5;9:*.lz=38;5;9:*.lzo=38;5;9:*.xz=38;5;9:*.bz2=38;5;9:*.bz=38;5;9:*.tbz=38;5;9:*.tbz2=38;5;9:*.tz=38;5;9:*.deb=38;5;9:*.rpm=38;5;9:*.jar=38;5;9:*.war=38;5;9:*.ear=38;5;9:*.sar=38;5;9:*.rar=38;5;9:*.alz=38;5;9:*.ace=38;5;9:*.zoo=38;5;9:*.cpio=38;5;9:*.7z=38;5;9:*.rz=38;5;9:*.cab=38;5;9:*.jpg=38;5;13:*.jpeg=38;5;13:*.gif=38;5;13:*.bmp=38;5;13:*.pbm=38;5;13:*.pgm=38;5;13:*.ppm=38;5;13:*.tga=38;5;13:*.xbm=38;5;13:*.xpm=38;5;13:*.tif=38;5;13:*.tiff=38;5;13:*.png=38;5;13:*.svg=38;5;13:*.svgz=38;5;13:*.mng=38;5;13:*.pcx=38;5;13:*.mov=38;5;13:*.mpg=38;5;13:*.mpeg=38;5;13:*.m2v=38;5;13:*.mkv=38;5;13:*.webm=38;5;13:*.ogm=38;5;13:*.mp4=38;5;13:*.m4v=38;5;13:*.mp4v=38;5;13:*.vob=38;5;13:*.qt=38;5;13:*.nuv=38;5;13:*.wmv=38;5;13:*.asf=38;5;13:*.rm=38;5;13:*.rmvb=38;5;13:*.flc=38;5;13:*.avi=38;5;13:*.fli=38;5;13:*.flv=38;5;13:*.gl=38;5;13:*.dl=38;5;13:*.xcf=38;5;13:*.xwd=38;5;13:*.yuv=38;5;13:*.cgm=38;5;13:*.emf=38;5;13:*.axv=38;5;13:*.anx=38;5;13:*.ogv=38;5;13:*.ogx=38;5;13:*.aac=38;5;45:*.au=38;5;45:*.flac=38;5;45:*.mid=38;5;45:*.midi=38;5;45:*.mka=38;5;45:*.mp3=38;5;45:*.mpc=38;5;45:*.ogg=38;5;45:*.ra=38;5;45:*.wav=38;5;45:*.axa=38;5;45:*.oga=38;5;45:*.spx=38;5;45:*.xspf=38;5;45:
MAIL=/var/spool/mail/pat53
MANPATH=/ihome/crc/install/intel/2017.3.196/man/common:/ihome/crc/install/intel/2017.3.196/compilers_and_libraries_2017.4.196/linux/mpi/man:/ihome/crc/install/intel/2017.3.196/documentation_2017/en/debugger//gdb-ia/man/:/ihome/crc/install/intel/2017.3.196/documentation_2017/en/debugger//gdb-mic/man/:/ihome/crc/install/intel/2017.3.196/documentation_2017/en/debugger//gdb-igfx/man/:/ihome/crc/install/intel/2017.3.196/man/common:/ihome/crc/install/intel/2017.3.196/compilers_and_libraries_2017.4.196/linux/mpi/man:/ihome/crc/install/intel/2017.3.196/documentation_2017/en/debugger//gdb-ia/man/:/ihome/crc/install/intel/2017.3.196/documentation_2017/en/debugger//gdb-mic/man/:/ihome/crc/install/intel/2017.3.196/documentation_2017/en/debugger//gdb-igfx/man/:/ihome/crc/install/cuda/9.1.85/doc/man:/ihome/crc/install/intel/2017.3.196/man/common:/ihome/crc/install/intel/2017.3.196/compilers_and_libraries_2017.4.196/linux/mpi/man:/ihome/crc/install/intel/2017.3.196/documentation_2017/en/debugger/gdb-ia/man:/ihome/crc/install/intel/2017.3.196/documentation_2017/en/debugger/gdb-mic/man:/ihome/crc/install/intel/2017.3.196/documentation_2017/en/debugger/gdb-igfx/man:/ihome/crc/install/intel/2017.3.196/man/common:/ihome/crc/install/intel/2017.3.196/compilers_and_libraries_2017.4.196/linux/mpi/man:/ihome/crc/install/intel/2017.3.196/documentation_2017/en/debugger/gdb-ia/man:/ihome/crc/install/intel/2017.3.196/documentation_2017/en/debugger/gdb-mic/man:/ihome/crc/install/intel/2017.3.196/documentation_2017/en/debugger/gdb-igfx/man::::
MIC_LD_LIBRARY_PATH=/ihome/crc/install/intel/2017.3.196/compilers_and_libraries_2017.4.196/linux/mpi/mic/lib:/ihome/crc/install/intel/2017.3.196/compilers_and_libraries_2017.4.196/linux/compiler/lib/mic:/ihome/crc/install/intel/2017.3.196/compilers_and_libraries_2017.4.196/linux/ipp/lib/mic:/ihome/crc/install/intel/2017.3.196/compilers_and_libraries_2017.4.196/linux/compiler/lib/intel64_lin_mic:/ihome/crc/install/intel/2017.3.196/compilers_and_libraries_2017.4.196/linux/mkl/lib/intel64_lin_mic:/ihome/crc/install/intel/2017.3.196/compilers_and_libraries_2017.4.196/linux/tbb/lib/mic:/ihome/crc/install/intel/2017.3.196/compilers_and_libraries_2017.4.196/linux/mpi/mic/lib:/ihome/crc/install/intel/2017.3.196/compilers_and_libraries_2017.4.196/linux/compiler/lib/mic:/ihome/crc/install/intel/2017.3.196/compilers_and_libraries_2017.4.196/linux/ipp/lib/mic:/ihome/crc/install/intel/2017.3.196/compilers_and_libraries_2017.4.196/linux/compiler/lib/intel64_lin_mic:/ihome/crc/install/intel/2017.3.196/compilers_and_libraries_2017.4.196/linux/mkl/lib/intel64_lin_mic:/ihome/crc/install/intel/2017.3.196/compilers_and_libraries_2017.4.196/linux/tbb/lib/mic:/ihome/crc/install/intel/2017.3.196/compilers_and_libraries_2017.4.196/linux/mpi/mic/lib:/ihome/crc/install/intel/2017.3.196/compilers_and_libraries_2017.4.196/linux/compiler/lib/mic:/ihome/crc/install/intel/2017.3.196/compilers_and_libraries_2017.4.196/linux/ipp/lib/mic:/ihome/crc/install/intel/2017.3.196/compilers_and_libraries_2017.4.196/linux/compiler/lib/intel64_lin_mic:/ihome/crc/install/intel/2017.3.196/compilers_and_libraries_2017.4.196/linux/mkl/lib/intel64_lin_mic:/ihome/crc/install/intel/2017.3.196/compilers_and_libraries_2017.4.196/linux/tbb/lib/mic:/ihome/crc/install/intel/2017.3.196/compilers_and_libraries_2017.4.196/linux/mpi/mic/lib:/ihome/crc/install/intel/2017.3.196/compilers_and_libraries_2017.4.196/linux/compiler/lib/mic:/ihome/crc/install/intel/2017.3.196/compilers_and_libraries_2017.4.196/linux/ipp/lib/mic:/ihome/crc/install/intel/2017.3.196/compilers_and_libraries_2017.4.196/linux/compiler/lib/intel64_lin_mic:/ihome/crc/install/intel/2017.3.196/compilers_and_libraries_2017.4.196/linux/mkl/lib/intel64_lin_mic:/ihome/crc/install/intel/2017.3.196/compilers_and_libraries_2017.4.196/linux/tbb/lib/mic
MIC_LIBRARY_PATH=/ihome/crc/install/intel/2017.3.196/compilers_and_libraries_2017.4.196/linux/mpi/mic/lib:/ihome/crc/install/intel/2017.3.196/compilers_and_libraries_2017.4.196/linux/compiler/lib/mic:/ihome/crc/install/intel/2017.3.196/compilers_and_libraries_2017.4.196/linux/compiler/lib/intel64_lin_mic:/ihome/crc/install/intel/2017.3.196/compilers_and_libraries_2017.4.196/linux/mkl/lib/intel64_lin_mic:/ihome/crc/install/intel/2017.3.196/compilers_and_libraries_2017.4.196/linux/tbb/lib/mic:/ihome/crc/install/intel/2017.3.196/compilers_and_libraries_2017.4.196/linux/mpi/mic/lib:/ihome/crc/install/intel/2017.3.196/compilers_and_libraries_2017.4.196/linux/compiler/lib/mic:/ihome/crc/install/intel/2017.3.196/compilers_and_libraries_2017.4.196/linux/compiler/lib/intel64_lin_mic:/ihome/crc/install/intel/2017.3.196/compilers_and_libraries_2017.4.196/linux/mkl/lib/intel64_lin_mic:/ihome/crc/install/intel/2017.3.196/compilers_and_libraries_2017.4.196/linux/tbb/lib/mic:/ihome/crc/install/intel/2017.3.196/compilers_and_libraries_2017.4.196/linux/mpi/mic/lib:/ihome/crc/install/intel/2017.3.196/compilers_and_libraries_2017.4.196/linux/compiler/lib/mic:/ihome/crc/install/intel/2017.3.196/compilers_and_libraries_2017.4.196/linux/compiler/lib/intel64_lin_mic:/ihome/crc/install/intel/2017.3.196/compilers_and_libraries_2017.4.196/linux/mkl/lib/intel64_lin_mic:/ihome/crc/install/intel/2017.3.196/compilers_and_libraries_2017.4.196/linux/tbb/lib/mic:/ihome/crc/install/intel/2017.3.196/compilers_and_libraries_2017.4.196/linux/mpi/mic/lib:/ihome/crc/install/intel/2017.3.196/compilers_and_libraries_2017.4.196/linux/compiler/lib/mic:/ihome/crc/install/intel/2017.3.196/compilers_and_libraries_2017.4.196/linux/compiler/lib/intel64_lin_mic:/ihome/crc/install/intel/2017.3.196/compilers_and_libraries_2017.4.196/linux/mkl/lib/intel64_lin_mic:/ihome/crc/install/intel/2017.3.196/compilers_and_libraries_2017.4.196/linux/tbb/lib/mic
MKDIR=/bin/mkdir
MKLROOT=/ihome/crc/install/intel/2017.3.196/compilers_and_libraries_2017.4.196/linux/mkl
MODULEPATH=/ihome/crc/modules/Compiler/cuda/9.1.85:/ihome/crc/modules/Compiler/intel/2017.3.196:/ihome/crc/modules/Core
MODULESHOME=/ihome/crc/install/lmod/lmod
_ModuleTable001_=X01vZHVsZVRhYmxlXz17WyJhY3RpdmVTaXplIl09MyxiYXNlTXBhdGhBPXsiL2lob21lL2NyYy9tb2R1bGVzL0NvcmUiLH0sWyJjX3JlYnVpbGRUaW1lIl09ZmFsc2UsWyJjX3Nob3J0VGltZSJdPWZhbHNlLGZhbWlseT17fSxpbmFjdGl2ZT17fSxtVD17YW1iZXI9e1siRk4iXT0iL2lob21lL2NyYy9tb2R1bGVzL0NvbXBpbGVyL2ludGVsLzIwMTcuMy4xOTYvYW1iZXIvMTgubHVhIixbImRlZmF1bHQiXT0wLFsiZnVsbE5hbWUiXT0iYW1iZXIvMTgiLFsibG9hZE9yZGVyIl09Myxwcm9wVD17fSxbInNob3J0Il09ImFtYmVyIixbInN0YXR1cyJdPSJhY3RpdmUiLH0sY3VkYT17WyJGTiJdPSIvaWhvbWUvY3JjL21vZHVsZXMvQ29yZS9jdWRhLzkuMS44NS5sdWEiLFsiZGVmYXVs
_ModuleTable002_=dCJdPTAsWyJmdWxsTmFtZSJdPSJjdWRhLzkuMS44NSIsWyJsb2FkT3JkZXIiXT0yLHByb3BUPXt9LFsic2hvcnQiXT0iY3VkYSIsWyJzdGF0dXMiXT0iYWN0aXZlIix9LGludGVsPXtbIkZOIl09Ii9paG9tZS9jcmMvbW9kdWxlcy9Db3JlL2ludGVsLzIwMTcuMy4xOTYubHVhIixbImRlZmF1bHQiXT0wLFsiZnVsbE5hbWUiXT0iaW50ZWwvMjAxNy4zLjE5NiIsWyJsb2FkT3JkZXIiXT0xLHByb3BUPXt9LFsic2hvcnQiXT0iaW50ZWwiLFsic3RhdHVzIl09ImFjdGl2ZSIsfSx9LG1wYXRoQT17Ii9paG9tZS9jcmMvbW9kdWxlcy9Db21waWxlci9jdWRhLzkuMS44NSIsIi9paG9tZS9jcmMvbW9kdWxlcy9Db21waWxlci9pbnRlbC8yMDE3LjMuMTk2IiwiL2lob21lL2NyYy9tb2R1
_ModuleTable003_=bGVzL0NvcmUiLH0sWyJzeXN0ZW1CYXNlTVBBVEgiXT0iL2lob21lL2NyYy9tb2R1bGVzL0NvcmUiLFsidmVyc2lvbiJdPTIsfQ==
_ModuleTable_Sz_=3
MPM_LAUNCHER=/ihome/crc/install/intel/2017.3.196/debugger_2017/mpm/mic/bin/start_mpm.sh
NLSPATH=/ihome/crc/install/intel/2017.3.196/compilers_and_libraries_2017.4.196/linux/compiler/lib/intel64/locale/%l_%t/%N:/ihome/crc/install/intel/2017.3.196/compilers_and_libraries_2017.4.196/linux/mkl/lib/intel64_lin/locale/%l_%t/%N:/ihome/crc/install/intel/2017.3.196/debugger_2017/gdb/intel64_mic/share/locale/%l_%t/%N:/ihome/crc/install/intel/2017.3.196/debugger_2017/gdb/intel64/share/locale/%l_%t/%N:/ihome/crc/install/intel/2017.3.196/compilers_and_libraries_2017.4.196/linux/compiler/lib/intel64/locale/%l_%t/%N:/ihome/crc/install/intel/2017.3.196/compilers_and_libraries_2017.4.196/linux/mkl/lib/intel64_lin/locale/%l_%t/%N:/ihome/crc/install/intel/2017.3.196/debugger_2017/gdb/intel64_mic/share/locale/%l_%t/%N:/ihome/crc/install/intel/2017.3.196/debugger_2017/gdb/intel64/share/locale/%l_%t/%N:/ihome/crc/install/intel/2017.3.196/compilers_and_libraries_2017.4.196/linux/compiler/lib/intel64/locale/%l_%t/%N:/ihome/crc/install/intel/2017.3.196/compilers_and_libraries_2017.4.196/linux/mkl/lib/intel64_lin/locale/%l_%t/%N:/ihome/crc/install/intel/2017.3.196/debugger_2017/gdb/intel64_mic/share/locale/%l_%t/%N:/ihome/crc/install/intel/2017.3.196/debugger_2017/gdb/intel64/share/locale/%l_%t/%N:/ihome/crc/install/intel/2017.3.196/compilers_and_libraries_2017.4.196/linux/compiler/lib/intel64/locale/%l_%t/%N:/ihome/crc/install/intel/2017.3.196/compilers_and_libraries_2017.4.196/linux/mkl/lib/intel64_lin/locale/%l_%t/%N:/ihome/crc/install/intel/2017.3.196/debugger_2017/gdb/intel64_mic/share/locale/%l_%t/%N:/ihome/crc/install/intel/2017.3.196/debugger_2017/gdb/intel64/share/locale/%l_%t/%N
NODELOC=/scratch/slurm-439994
OLDPWD=/bgfs/lchong/pat53/p53forpaper/intermediate_p533
PASTE=/usr/bin/paste
PATH=/ihome/crc/install/intel/2017.3.196/compilers_and_libraries_2017.4.196/linux/bin/intel64:/ihome/crc/install/intel/2017.3.196/compilers_and_libraries_2017.4.196/linux/mpi/intel64/bin:/ihome/crc/install/intel/2017.3.196/debugger_2017/gdb/intel64_mic/bin:/ihome/crc/install/intel/2017.3.196/compilers_and_libraries_2017.4.196/linux/bin/intel64:/ihome/crc/install/intel/2017.3.196/compilers_and_libraries_2017.4.196/linux/mpi/intel64/bin:/ihome/crc/install/intel/2017.3.196/debugger_2017/gdb/intel64_mic/bin:/ihome/crc/build/amber/amber18/bin:/ihome/crc/install/cuda/9.1.85/bin:/ihome/crc/install/intel/2017.3.196/compilers_and_libraries_2017.4.196/linux/bin/intel64:/ihome/crc/install/intel/2017.3.196/compilers_and_libraries_2017.4.196/linux/mpi/intel64/bin:/ihome/crc/install/intel/2017.3.196/debugger_2017/gdb/intel64_mic/bin:/ihome/crc/install/intel/2017.3.196/compilers_and_libraries_2017.4.196/linux/bin/intel64:/ihome/crc/install/intel/2017.3.196/compilers_and_libraries_2017.4.196/linux/mpi/intel64/bin:/ihome/crc/install/intel/2017.3.196/debugger_2017/gdb/intel64_mic/bin:/ihome/lchong/pat53/apps/westpa/18.02.23/bin:ihome/lchong/pat53/apps/westpa/18.02.23/bin:/zfs1/lchong/atb43/apps/amber18/bin:/ihome/lchong/pat53/anaconda2/bin:/usr/lib64/qt-3.3/bin:/usr/local/bin:/usr/bin:/usr/local/sbin:/usr/sbin:/ihome/crc/wrappers:/ihome/lchong/pat53/bin
PERL=/usr/bin/perl
PWD=/bgfs/lchong/pat53/p53forpaper/intermediate_p533
QTDIR=/usr/lib64/qt-3.3
QT_GRAPHICSSYSTEM_CHECKED=1
QTINC=/usr/lib64/qt-3.3/include
QTLIB=/usr/lib64/qt-3.3/lib
QT_PLUGIN_PATH=/usr/lib64/kde4/plugins:/usr/lib/kde4/plugins
RM=/bin/rm
SANDER=/ihome/crc/build/amber/amber18/bin/sander
SED=/bin/sed
SHELL=/bin/bash
SHLVL=2
SIM_NAME=intermediate_p533
SLURM_CHECKPOINT_IMAGE_DIR=/var/slurm/checkpoint
SLURM_CLUSTER_NAME=mpi
SLURM_CPUS_ON_NODE=20
SLURMD_NODENAME=ib-n11
SLURM_GTIDS=0
SLURM_JOB_ACCOUNT=lchong
SLURM_JOB_CPUS_PER_NODE=20(x3)
SLURM_JOB_GID=16028
SLURM_JOB_ID=439994
SLURM_JOBID=439994
SLURM_JOB_NAME=C15D1
SLURM_JOB_NODELIST=ib-n[11-13]
SLURM_JOB_NUM_NODES=3
SLURM_JOB_PARTITION=ib
SLURM_JOB_QOS=mpi-ib-n-invest
SLURM_JOB_UID=154519
SLURM_JOB_USER=pat53
SLURM_LOCALID=0
SLURM_MEM_PER_CPU=2000
SLURM_NNODES=3
SLURM_NODE_ALIASES=(null)
SLURM_NODEID=0
SLURM_NODELIST=ib-n[11-13]
SLURM_NPROCS=60
SLURM_NTASKS=60
SLURM_NTASKS_PER_NODE=20
SLURM_PRIO_PROCESS=0
SLURM_PROCID=0
SLURM_SCRATCH=/scratch/slurm-439994
SLURM_SUBMIT_DIR=/bgfs/lchong/pat53/p53forpaper/intermediate_p533
SLURM_SUBMIT_HOST=login0.crc.pitt.edu
SLURM_TASK_PID=19641
SLURM_TASKS_PER_NODE=20(x3)
SLURM_TOPOLOGY_ADDR=ib-n11
SLURM_TOPOLOGY_ADDR_PATTERN=node
SLURM_WORKING_CLUSTER=mpi:10.201.0.132:6817:8192
SORT=/usr/bin/sort
SSH_CLIENT=130.49.240.87 49208 22
SSH_CONNECTION=130.49.240.87 49208 136.142.28.136 22
SSH_TTY=/dev/pts/49
TAR=/bin/tar
TBBROOT=/ihome/crc/install/intel/2017.3.196/compilers_and_libraries_2017.4.196/linux/tbb
TERM=xterm-256color
TMPDIR=/scratch/slurm-439994
TR=/usr/bin/tr
UNIQ=/usr/bin/uniq
USE_LOCAL_SCRATCH=1
USER=pat53
_=/usr/bin/env
WEST_BIN=/ihome/lchong/pat53/apps/westpa/18.02.23/bin
WEST_ROOT=/ihome/lchong/pat53/apps/westpa/18.02.23
WEST_SIM_ROOT=/bgfs/lchong/pat53/p53forpaper/intermediate_p533
WM_ZMQ_MASTER_HEARTBEAT=100
WM_ZMQ_TIMEOUT_FACTOR=300
WM_ZMQ_WORKER_HEARTBEAT=100
XDG_DATA_DIRS=/ihome/lchong/pat53/.local/share/flatpak/exports/share:/var/lib/flatpak/exports/share:/usr/local/share:/usr/share
XDG_RUNTIME_DIR=/run/user/154519
XDG_SESSION_ID=1108
ZSH=/bin/zsh
== server info file /bgfs/lchong/pat53/p53forpaper/intermediate_p533/west_zmq_info-439994.json ==
{"rr_endpoint": "tcp://ib-n11.crc.pitt.edu:37267", "ann_endpoint": "tcp://ib-n11.crc.pitt.edu:45387"}simulation intermediate_p533 root is /bgfs/lchong/pat53/p53forpaper/intermediate_p533
starting WEST client processes on: 
ib-n11.crc.pitt.edu
current directory is /bgfs/lchong/pat53/p53forpaper/intermediate_p533
environment is: 
}
}
 [ $? = 0 ] && eval $(${LMOD_SETTARG_CMD:-:} -s sh)
AMBERHOME=/ihome/crc/build/amber/amber18
AMBER_PREFIX=/ihome/crc/build/amber/amber18
AWK=/usr/bin/awk
BASH=/bin/bash
BASH_FUNC_ml()=() {  eval $($LMOD_DIR/ml_cmd "$@")
BASH_FUNC_module()=() {  eval $($LMOD_CMD bash "$@");
CAT=/bin/cat
CLASSPATH=/ihome/crc/install/intel/2017.3.196/compilers_and_libraries_2017.4.196/linux/mpi/intel64/lib/mpi.jar:/ihome/crc/install/intel/2017.3.196/compilers_and_libraries_2017.4.196/linux/daal/lib/daal.jar:/ihome/crc/install/intel/2017.3.196/compilers_and_libraries_2017.4.196/linux/mpi/intel64/lib/mpi.jar:/ihome/crc/install/intel/2017.3.196/compilers_and_libraries_2017.4.196/linux/daal/lib/daal.jar
CMAKE_PREFIX_PATH=/ihome/crc/install/cuda/9.1.85
CPATH=/ihome/crc/install/intel/2017.3.196/compilers_and_libraries_2017.4.196/linux/ipp/include:/ihome/crc/install/intel/2017.3.196/compilers_and_libraries_2017.4.196/linux/mkl/include:/ihome/crc/install/intel/2017.3.196/compilers_and_libraries_2017.4.196/linux/tbb/include:/ihome/crc/install/intel/2017.3.196/compilers_and_libraries_2017.4.196/linux/daal/include:/ihome/crc/install/intel/2017.3.196/compilers_and_libraries_2017.4.196/linux/ipp/include:/ihome/crc/install/intel/2017.3.196/compilers_and_libraries_2017.4.196/linux/mkl/include:/ihome/crc/install/intel/2017.3.196/compilers_and_libraries_2017.4.196/linux/tbb/include:/ihome/crc/install/intel/2017.3.196/compilers_and_libraries_2017.4.196/linux/daal/include
CP=/bin/cp
CPPTRAJ=/ihome/crc/build/amber/amber18/bin/cpptraj
CUDA_ROOT=/ihome/crc/install/cuda/9.1.85
CUDAROOT=/ihome/crc/install/cuda/9.1.85
CUT=/usr/bin/cut
DAALROOT=/ihome/crc/install/intel/2017.3.196/compilers_and_libraries_2017.4.196/linux/daal
DATE=/bin/date
ECHO=/bin/echo
GDB_CROSS=/ihome/crc/install/intel/2017.3.196/debugger_2017/gdb/intel64_mic/bin/gdb-mic
GDBSERVER_MIC=/ihome/crc/install/intel/2017.3.196/debugger_2017/gdb/targets/mic/bin/gdbserver
GREP=/bin/grep
HEAD=/usr/bin/head
HISTCONTROL=ignoredups
HISTSIZE=1000
HOME=/ihome/lchong/pat53
HOSTNAME=ib-n11.crc.pitt.edu
IFCONFIG=/bin/ifconfig
I_MPI_ROOT=/ihome/crc/install/intel/2017.3.196/compilers_and_libraries_2017.4.196/linux/mpi
INFOPATH=/ihome/crc/install/intel/2017.3.196/documentation_2017/en/debugger//gdb-ia/info/:/ihome/crc/install/intel/2017.3.196/documentation_2017/en/debugger//gdb-mic/info/:/ihome/crc/install/intel/2017.3.196/documentation_2017/en/debugger//gdb-igfx/info/:/ihome/crc/install/intel/2017.3.196/documentation_2017/en/debugger//gdb-ia/info/:/ihome/crc/install/intel/2017.3.196/documentation_2017/en/debugger//gdb-mic/info/:/ihome/crc/install/intel/2017.3.196/documentation_2017/en/debugger//gdb-igfx/info/
INTEL_LICENSE_FILE=28519@10.201.0.113:/ihome/crc/install/intel/2017.3.196/compilers_and_libraries_2017.4.196/linux/licenses:/opt/intel/licenses:/ihome/lchong/pat53/intel/licenses:/ihome/crc/install/intel/2017.3.196/compilers_and_libraries_2017.4.196/linux/licenses:/opt/intel/licenses:/ihome/lchong/pat53/intel/licenses
INTEL_PYTHONHOME=/ihome/crc/install/intel/2017.3.196/debugger_2017/python/intel64/
IPPROOT=/ihome/crc/install/intel/2017.3.196/compilers_and_libraries_2017.4.196/linux/ipp
LANG=en_US.UTF-8
LD_LIBRARY_PATH=/ihome/crc/install/intel/2017.3.196/compilers_and_libraries_2017.4.196/linux/compiler/lib/intel64:/ihome/crc/install/intel/2017.3.196/compilers_and_libraries_2017.4.196/linux/compiler/lib/intel64_lin:/ihome/crc/install/intel/2017.3.196/compilers_and_libraries_2017.4.196/linux/mpi/intel64/lib:/ihome/crc/install/intel/2017.3.196/compilers_and_libraries_2017.4.196/linux/mpi/mic/lib:/ihome/crc/install/intel/2017.3.196/compilers_and_libraries_2017.4.196/linux/ipp/lib/intel64:/ihome/crc/install/intel/2017.3.196/compilers_and_libraries_2017.4.196/linux/compiler/lib/intel64_lin:/ihome/crc/install/intel/2017.3.196/compilers_and_libraries_2017.4.196/linux/mkl/lib/intel64_lin:/ihome/crc/install/intel/2017.3.196/compilers_and_libraries_2017.4.196/linux/tbb/lib/intel64/gcc4.7:/ihome/crc/install/intel/2017.3.196/debugger_2017/iga/lib:/ihome/crc/install/intel/2017.3.196/debugger_2017/libipt/intel64/lib:/ihome/crc/install/intel/2017.3.196/compilers_and_libraries_2017.4.196/linux/daal/lib/intel64_lin:/ihome/crc/install/intel/2017.3.196/compilers_and_libraries_2017.4.196/linux/compiler/lib/intel64:/ihome/crc/install/intel/2017.3.196/compilers_and_libraries_2017.4.196/linux/compiler/lib/intel64_lin:/ihome/crc/install/intel/2017.3.196/compilers_and_libraries_2017.4.196/linux/mpi/intel64/lib:/ihome/crc/install/intel/2017.3.196/compilers_and_libraries_2017.4.196/linux/mpi/mic/lib:/ihome/crc/install/intel/2017.3.196/compilers_and_libraries_2017.4.196/linux/ipp/lib/intel64:/ihome/crc/install/intel/2017.3.196/compilers_and_libraries_2017.4.196/linux/compiler/lib/intel64_lin:/ihome/crc/install/intel/2017.3.196/compilers_and_libraries_2017.4.196/linux/mkl/lib/intel64_lin:/ihome/crc/install/intel/2017.3.196/compilers_and_libraries_2017.4.196/linux/tbb/lib/intel64/gcc4.7:/ihome/crc/install/intel/2017.3.196/debugger_2017/iga/lib:/ihome/crc/install/intel/2017.3.196/debugger_2017/libipt/intel64/lib:/ihome/crc/install/intel/2017.3.196/compilers_and_libraries_2017.4.196/linux/daal/lib/intel64_lin:/ihome/crc/install/intel/2017.3.196/compilers_and_libraries_2017.4.196/linux/daal/../tbb/lib/intel64_lin/gcc4.4:/ihome/crc/build/amber/amber18/lib:/usr/lib64:/ihome/crc/install/cuda/9.1.85/lib64/stubs:/ihome/crc/install/cuda/9.1.85/lib64:/zfs1/lchong/atb43/apps/amber18/lib:/zfs1/lchong/atb43/apps/amber18/lib
LESSOPEN=||/usr/bin/lesspipe.sh %s
LIBRARY_PATH=/ihome/crc/install/intel/2017.3.196/compilers_and_libraries_2017.4.196/linux/ipp/lib/intel64:/ihome/crc/install/intel/2017.3.196/compilers_and_libraries_2017.4.196/linux/compiler/lib/intel64_lin:/ihome/crc/install/intel/2017.3.196/compilers_and_libraries_2017.4.196/linux/mkl/lib/intel64_lin:/ihome/crc/install/intel/2017.3.196/compilers_and_libraries_2017.4.196/linux/tbb/lib/intel64/gcc4.7:/ihome/crc/install/intel/2017.3.196/compilers_and_libraries_2017.4.196/linux/daal/lib/intel64_lin:/ihome/crc/install/intel/2017.3.196/compilers_and_libraries_2017.4.196/linux/ipp/lib/intel64:/ihome/crc/install/intel/2017.3.196/compilers_and_libraries_2017.4.196/linux/compiler/lib/intel64_lin:/ihome/crc/install/intel/2017.3.196/compilers_and_libraries_2017.4.196/linux/mkl/lib/intel64_lin:/ihome/crc/install/intel/2017.3.196/compilers_and_libraries_2017.4.196/linux/tbb/lib/intel64/gcc4.7:/ihome/crc/install/intel/2017.3.196/compilers_and_libraries_2017.4.196/linux/daal/lib/intel64_lin:/ihome/crc/install/intel/2017.3.196/compilers_and_libraries_2017.4.196/linux/daal/../tbb/lib/intel64_lin/gcc4.4:/usr/lib64:/ihome/crc/install/cuda/9.1.85/lib64/stubs:/ihome/crc/install/cuda/9.1.85/lib64
_LMFILES_=/ihome/crc/modules/Core/intel/2017.3.196.lua:/ihome/crc/modules/Core/cuda/9.1.85.lua:/ihome/crc/modules/Compiler/intel/2017.3.196/amber/18.lua
LMOD_CMD=/ihome/crc/install/lmod/lmod/libexec/lmod
LMOD_DEFAULT_MODULEPATH=/ihome/crc/modules/Core
LMOD_DIR=/ihome/crc/install/lmod/lmod/libexec
LMOD_PKG=/ihome/crc/install/lmod/lmod
LMOD_VERSION=6.6.3
LN=/bin/ln
LOADEDMODULES=intel/2017.3.196:cuda/9.1.85:amber/18
LOCAL=/local/439994
LOGNAME=pat53
MAIL=/var/spool/mail/pat53
MANPATH=/ihome/crc/install/intel/2017.3.196/man/common:/ihome/crc/install/intel/2017.3.196/compilers_and_libraries_2017.4.196/linux/mpi/man:/ihome/crc/install/intel/2017.3.196/documentation_2017/en/debugger//gdb-ia/man/:/ihome/crc/install/intel/2017.3.196/documentation_2017/en/debugger//gdb-mic/man/:/ihome/crc/install/intel/2017.3.196/documentation_2017/en/debugger//gdb-igfx/man/:/ihome/crc/install/intel/2017.3.196/man/common:/ihome/crc/install/intel/2017.3.196/compilers_and_libraries_2017.4.196/linux/mpi/man:/ihome/crc/install/intel/2017.3.196/documentation_2017/en/debugger//gdb-ia/man/:/ihome/crc/install/intel/2017.3.196/documentation_2017/en/debugger//gdb-mic/man/:/ihome/crc/install/intel/2017.3.196/documentation_2017/en/debugger//gdb-igfx/man/:/ihome/crc/install/cuda/9.1.85/doc/man::
MIC_LD_LIBRARY_PATH=/ihome/crc/install/intel/2017.3.196/compilers_and_libraries_2017.4.196/linux/mpi/mic/lib:/ihome/crc/install/intel/2017.3.196/compilers_and_libraries_2017.4.196/linux/compiler/lib/mic:/ihome/crc/install/intel/2017.3.196/compilers_and_libraries_2017.4.196/linux/ipp/lib/mic:/ihome/crc/install/intel/2017.3.196/compilers_and_libraries_2017.4.196/linux/compiler/lib/intel64_lin_mic:/ihome/crc/install/intel/2017.3.196/compilers_and_libraries_2017.4.196/linux/mkl/lib/intel64_lin_mic:/ihome/crc/install/intel/2017.3.196/compilers_and_libraries_2017.4.196/linux/tbb/lib/mic:/ihome/crc/install/intel/2017.3.196/compilers_and_libraries_2017.4.196/linux/mpi/mic/lib:/ihome/crc/install/intel/2017.3.196/compilers_and_libraries_2017.4.196/linux/compiler/lib/mic:/ihome/crc/install/intel/2017.3.196/compilers_and_libraries_2017.4.196/linux/ipp/lib/mic:/ihome/crc/install/intel/2017.3.196/compilers_and_libraries_2017.4.196/linux/compiler/lib/intel64_lin_mic:/ihome/crc/install/intel/2017.3.196/compilers_and_libraries_2017.4.196/linux/mkl/lib/intel64_lin_mic:/ihome/crc/install/intel/2017.3.196/compilers_and_libraries_2017.4.196/linux/tbb/lib/mic
MIC_LIBRARY_PATH=/ihome/crc/install/intel/2017.3.196/compilers_and_libraries_2017.4.196/linux/mpi/mic/lib:/ihome/crc/install/intel/2017.3.196/compilers_and_libraries_2017.4.196/linux/compiler/lib/mic:/ihome/crc/install/intel/2017.3.196/compilers_and_libraries_2017.4.196/linux/compiler/lib/intel64_lin_mic:/ihome/crc/install/intel/2017.3.196/compilers_and_libraries_2017.4.196/linux/mkl/lib/intel64_lin_mic:/ihome/crc/install/intel/2017.3.196/compilers_and_libraries_2017.4.196/linux/tbb/lib/mic:/ihome/crc/install/intel/2017.3.196/compilers_and_libraries_2017.4.196/linux/mpi/mic/lib:/ihome/crc/install/intel/2017.3.196/compilers_and_libraries_2017.4.196/linux/compiler/lib/mic:/ihome/crc/install/intel/2017.3.196/compilers_and_libraries_2017.4.196/linux/compiler/lib/intel64_lin_mic:/ihome/crc/install/intel/2017.3.196/compilers_and_libraries_2017.4.196/linux/mkl/lib/intel64_lin_mic:/ihome/crc/install/intel/2017.3.196/compilers_and_libraries_2017.4.196/linux/tbb/lib/mic
MKDIR=/bin/mkdir
MKLROOT=/ihome/crc/install/intel/2017.3.196/compilers_and_libraries_2017.4.196/linux/mkl
MODULEPATH=/ihome/crc/modules/Compiler/cuda/9.1.85:/ihome/crc/modules/Compiler/intel/2017.3.196:/ihome/crc/modules/Core
MODULESHOME=/ihome/crc/install/lmod/lmod
_ModuleTable001_=X01vZHVsZVRhYmxlXz17WyJhY3RpdmVTaXplIl09MyxiYXNlTXBhdGhBPXsiL2lob21lL2NyYy9tb2R1bGVzL0NvcmUiLH0sWyJjX3JlYnVpbGRUaW1lIl09ZmFsc2UsWyJjX3Nob3J0VGltZSJdPWZhbHNlLGZhbWlseT17fSxpbmFjdGl2ZT17fSxtVD17YW1iZXI9e1siRk4iXT0iL2lob21lL2NyYy9tb2R1bGVzL0NvbXBpbGVyL2ludGVsLzIwMTcuMy4xOTYvYW1iZXIvMTgubHVhIixbImRlZmF1bHQiXT0wLFsiZnVsbE5hbWUiXT0iYW1iZXIvMTgiLFsibG9hZE9yZGVyIl09Myxwcm9wVD17fSxbInNob3J0Il09ImFtYmVyIixbInN0YXR1cyJdPSJhY3RpdmUiLH0sY3VkYT17WyJGTiJdPSIvaWhvbWUvY3JjL21vZHVsZXMvQ29yZS9jdWRhLzkuMS44NS5sdWEiLFsiZGVmYXVs
_ModuleTable002_=dCJdPTAsWyJmdWxsTmFtZSJdPSJjdWRhLzkuMS44NSIsWyJsb2FkT3JkZXIiXT0yLHByb3BUPXt9LFsic2hvcnQiXT0iY3VkYSIsWyJzdGF0dXMiXT0iYWN0aXZlIix9LGludGVsPXtbIkZOIl09Ii9paG9tZS9jcmMvbW9kdWxlcy9Db3JlL2ludGVsLzIwMTcuMy4xOTYubHVhIixbImRlZmF1bHQiXT0wLFsiZnVsbE5hbWUiXT0iaW50ZWwvMjAxNy4zLjE5NiIsWyJsb2FkT3JkZXIiXT0xLHByb3BUPXt9LFsic2hvcnQiXT0iaW50ZWwiLFsic3RhdHVzIl09ImFjdGl2ZSIsfSx9LG1wYXRoQT17Ii9paG9tZS9jcmMvbW9kdWxlcy9Db21waWxlci9jdWRhLzkuMS44NSIsIi9paG9tZS9jcmMvbW9kdWxlcy9Db21waWxlci9pbnRlbC8yMDE3LjMuMTk2IiwiL2lob21lL2NyYy9tb2R1
_ModuleTable003_=bGVzL0NvcmUiLH0sWyJzeXN0ZW1CYXNlTVBBVEgiXT0iL2lob21lL2NyYy9tb2R1bGVzL0NvcmUiLFsidmVyc2lvbiJdPTIsfQ==
_ModuleTable_Sz_=3
MPM_LAUNCHER=/ihome/crc/install/intel/2017.3.196/debugger_2017/mpm/mic/bin/start_mpm.sh
NLSPATH=/ihome/crc/install/intel/2017.3.196/compilers_and_libraries_2017.4.196/linux/compiler/lib/intel64/locale/%l_%t/%N:/ihome/crc/install/intel/2017.3.196/compilers_and_libraries_2017.4.196/linux/mkl/lib/intel64_lin/locale/%l_%t/%N:/ihome/crc/install/intel/2017.3.196/debugger_2017/gdb/intel64_mic/share/locale/%l_%t/%N:/ihome/crc/install/intel/2017.3.196/debugger_2017/gdb/intel64/share/locale/%l_%t/%N:/ihome/crc/install/intel/2017.3.196/compilers_and_libraries_2017.4.196/linux/compiler/lib/intel64/locale/%l_%t/%N:/ihome/crc/install/intel/2017.3.196/compilers_and_libraries_2017.4.196/linux/mkl/lib/intel64_lin/locale/%l_%t/%N:/ihome/crc/install/intel/2017.3.196/debugger_2017/gdb/intel64_mic/share/locale/%l_%t/%N:/ihome/crc/install/intel/2017.3.196/debugger_2017/gdb/intel64/share/locale/%l_%t/%N
NODELOC=
OLDPWD=/ihome/lchong/pat53
PASTE=/usr/bin/paste
PATH=/ihome/crc/install/intel/2017.3.196/compilers_and_libraries_2017.4.196/linux/bin/intel64:/ihome/crc/install/intel/2017.3.196/compilers_and_libraries_2017.4.196/linux/mpi/intel64/bin:/ihome/crc/install/intel/2017.3.196/debugger_2017/gdb/intel64_mic/bin:/ihome/crc/install/intel/2017.3.196/compilers_and_libraries_2017.4.196/linux/bin/intel64:/ihome/crc/install/intel/2017.3.196/compilers_and_libraries_2017.4.196/linux/mpi/intel64/bin:/ihome/crc/install/intel/2017.3.196/debugger_2017/gdb/intel64_mic/bin:/ihome/crc/build/amber/amber18/bin:/ihome/crc/install/cuda/9.1.85/bin:/ihome/lchong/pat53/apps/westpa/18.02.23/bin:ihome/lchong/pat53/apps/westpa/18.02.23/bin:/zfs1/lchong/atb43/apps/amber18/bin:/ihome/lchong/pat53/anaconda2/bin:/ihome/lchong/pat53/apps/westpa/18.02.23/bin:ihome/lchong/pat53/apps/westpa/18.02.23/bin:/zfs1/lchong/atb43/apps/amber18/bin:/ihome/lchong/pat53/anaconda2/bin:/usr/local/bin:/usr/bin:/usr/local/sbin:/usr/sbin:/ihome/lchong/pat53/bin
PERL=/usr/bin/perl
PWD=/bgfs/lchong/pat53/p53forpaper/intermediate_p533
RM=/bin/rm
SANDER=/ihome/crc/build/amber/amber18/bin/sander
SED=/bin/sed
SHELL=/bin/bash
SHLVL=2
SIM_NAME=intermediate_p533
SLURM_NODENAME=ib-n11
SORT=/usr/bin/sort
SSH_CLIENT=10.201.1.11 33820 22
SSH_CONNECTION=10.201.1.11 33820 10.201.1.11 22
TAR=/bin/tar
TBBROOT=/ihome/crc/install/intel/2017.3.196/compilers_and_libraries_2017.4.196/linux/tbb
TR=/usr/bin/tr
UNIQ=/usr/bin/uniq
USE_LOCAL_SCRATCH=1
USER=pat53
_=/usr/bin/env
WEST_BIN=/ihome/lchong/pat53/apps/westpa/18.02.23/bin
WEST_JOBID=439994
WEST_ROOT=/ihome/lchong/pat53/apps/westpa/18.02.23
WEST_SIM_ROOT=/bgfs/lchong/pat53/p53forpaper/intermediate_p533
WM_ZMQ_MASTER_HEARTBEAT=100
WM_ZMQ_TIMEOUT_FACTOR=300
WM_ZMQ_WORKER_HEARTBEAT=100
XDG_RUNTIME_DIR=/run/user/154519
XDG_SESSION_ID=3643
ZSH=/bin/zsh
simulation intermediate_p533 root is /bgfs/lchong/pat53/p53forpaper/intermediate_p533
starting WEST client processes on: 
ib-n12.crc.pitt.edu
current directory is /bgfs/lchong/pat53/p53forpaper/intermediate_p533
environment is: 
}
}
 [ $? = 0 ] && eval $(${LMOD_SETTARG_CMD:-:} -s sh)
AMBERHOME=/ihome/crc/build/amber/amber18
AMBER_PREFIX=/ihome/crc/build/amber/amber18
AWK=/usr/bin/awk
BASH=/bin/bash
BASH_FUNC_ml()=() {  eval $($LMOD_DIR/ml_cmd "$@")
BASH_FUNC_module()=() {  eval $($LMOD_CMD bash "$@");
CAT=/bin/cat
CLASSPATH=/ihome/crc/install/intel/2017.3.196/compilers_and_libraries_2017.4.196/linux/mpi/intel64/lib/mpi.jar:/ihome/crc/install/intel/2017.3.196/compilers_and_libraries_2017.4.196/linux/daal/lib/daal.jar:/ihome/crc/install/intel/2017.3.196/compilers_and_libraries_2017.4.196/linux/mpi/intel64/lib/mpi.jar:/ihome/crc/install/intel/2017.3.196/compilers_and_libraries_2017.4.196/linux/daal/lib/daal.jar
CMAKE_PREFIX_PATH=/ihome/crc/install/cuda/9.1.85
CPATH=/ihome/crc/install/intel/2017.3.196/compilers_and_libraries_2017.4.196/linux/ipp/include:/ihome/crc/install/intel/2017.3.196/compilers_and_libraries_2017.4.196/linux/mkl/include:/ihome/crc/install/intel/2017.3.196/compilers_and_libraries_2017.4.196/linux/tbb/include:/ihome/crc/install/intel/2017.3.196/compilers_and_libraries_2017.4.196/linux/daal/include:/ihome/crc/install/intel/2017.3.196/compilers_and_libraries_2017.4.196/linux/ipp/include:/ihome/crc/install/intel/2017.3.196/compilers_and_libraries_2017.4.196/linux/mkl/include:/ihome/crc/install/intel/2017.3.196/compilers_and_libraries_2017.4.196/linux/tbb/include:/ihome/crc/install/intel/2017.3.196/compilers_and_libraries_2017.4.196/linux/daal/include
CP=/bin/cp
CPPTRAJ=/ihome/crc/build/amber/amber18/bin/cpptraj
CUDA_ROOT=/ihome/crc/install/cuda/9.1.85
CUDAROOT=/ihome/crc/install/cuda/9.1.85
CUT=/usr/bin/cut
DAALROOT=/ihome/crc/install/intel/2017.3.196/compilers_and_libraries_2017.4.196/linux/daal
DATE=/bin/date
ECHO=/bin/echo
GDB_CROSS=/ihome/crc/install/intel/2017.3.196/debugger_2017/gdb/intel64_mic/bin/gdb-mic
GDBSERVER_MIC=/ihome/crc/install/intel/2017.3.196/debugger_2017/gdb/targets/mic/bin/gdbserver
GREP=/bin/grep
HEAD=/usr/bin/head
HISTCONTROL=ignoredups
HISTSIZE=1000
HOME=/ihome/lchong/pat53
HOSTNAME=ib-n12.crc.pitt.edu
IFCONFIG=/bin/ifconfig
I_MPI_ROOT=/ihome/crc/install/intel/2017.3.196/compilers_and_libraries_2017.4.196/linux/mpi
INFOPATH=/ihome/crc/install/intel/2017.3.196/documentation_2017/en/debugger//gdb-ia/info/:/ihome/crc/install/intel/2017.3.196/documentation_2017/en/debugger//gdb-mic/info/:/ihome/crc/install/intel/2017.3.196/documentation_2017/en/debugger//gdb-igfx/info/:/ihome/crc/install/intel/2017.3.196/documentation_2017/en/debugger//gdb-ia/info/:/ihome/crc/install/intel/2017.3.196/documentation_2017/en/debugger//gdb-mic/info/:/ihome/crc/install/intel/2017.3.196/documentation_2017/en/debugger//gdb-igfx/info/
INTEL_LICENSE_FILE=28519@10.201.0.113:/ihome/crc/install/intel/2017.3.196/compilers_and_libraries_2017.4.196/linux/licenses:/opt/intel/licenses:/ihome/lchong/pat53/intel/licenses:/ihome/crc/install/intel/2017.3.196/compilers_and_libraries_2017.4.196/linux/licenses:/opt/intel/licenses:/ihome/lchong/pat53/intel/licenses
INTEL_PYTHONHOME=/ihome/crc/install/intel/2017.3.196/debugger_2017/python/intel64/
IPPROOT=/ihome/crc/install/intel/2017.3.196/compilers_and_libraries_2017.4.196/linux/ipp
LANG=en_US.UTF-8
LD_LIBRARY_PATH=/ihome/crc/install/intel/2017.3.196/compilers_and_libraries_2017.4.196/linux/compiler/lib/intel64:/ihome/crc/install/intel/2017.3.196/compilers_and_libraries_2017.4.196/linux/compiler/lib/intel64_lin:/ihome/crc/install/intel/2017.3.196/compilers_and_libraries_2017.4.196/linux/mpi/intel64/lib:/ihome/crc/install/intel/2017.3.196/compilers_and_libraries_2017.4.196/linux/mpi/mic/lib:/ihome/crc/install/intel/2017.3.196/compilers_and_libraries_2017.4.196/linux/ipp/lib/intel64:/ihome/crc/install/intel/2017.3.196/compilers_and_libraries_2017.4.196/linux/compiler/lib/intel64_lin:/ihome/crc/install/intel/2017.3.196/compilers_and_libraries_2017.4.196/linux/mkl/lib/intel64_lin:/ihome/crc/install/intel/2017.3.196/compilers_and_libraries_2017.4.196/linux/tbb/lib/intel64/gcc4.7:/ihome/crc/install/intel/2017.3.196/debugger_2017/iga/lib:/ihome/crc/install/intel/2017.3.196/debugger_2017/libipt/intel64/lib:/ihome/crc/install/intel/2017.3.196/compilers_and_libraries_2017.4.196/linux/daal/lib/intel64_lin:/ihome/crc/install/intel/2017.3.196/compilers_and_libraries_2017.4.196/linux/compiler/lib/intel64:/ihome/crc/install/intel/2017.3.196/compilers_and_libraries_2017.4.196/linux/compiler/lib/intel64_lin:/ihome/crc/install/intel/2017.3.196/compilers_and_libraries_2017.4.196/linux/mpi/intel64/lib:/ihome/crc/install/intel/2017.3.196/compilers_and_libraries_2017.4.196/linux/mpi/mic/lib:/ihome/crc/install/intel/2017.3.196/compilers_and_libraries_2017.4.196/linux/ipp/lib/intel64:/ihome/crc/install/intel/2017.3.196/compilers_and_libraries_2017.4.196/linux/compiler/lib/intel64_lin:/ihome/crc/install/intel/2017.3.196/compilers_and_libraries_2017.4.196/linux/mkl/lib/intel64_lin:/ihome/crc/install/intel/2017.3.196/compilers_and_libraries_2017.4.196/linux/tbb/lib/intel64/gcc4.7:/ihome/crc/install/intel/2017.3.196/debugger_2017/iga/lib:/ihome/crc/install/intel/2017.3.196/debugger_2017/libipt/intel64/lib:/ihome/crc/install/intel/2017.3.196/compilers_and_libraries_2017.4.196/linux/daal/lib/intel64_lin:/ihome/crc/install/intel/2017.3.196/compilers_and_libraries_2017.4.196/linux/daal/../tbb/lib/intel64_lin/gcc4.4:/ihome/crc/build/amber/amber18/lib:/usr/lib64:/ihome/crc/install/cuda/9.1.85/lib64/stubs:/ihome/crc/install/cuda/9.1.85/lib64:/zfs1/lchong/atb43/apps/amber18/lib:/zfs1/lchong/atb43/apps/amber18/lib
LESSOPEN=||/usr/bin/lesspipe.sh %s
LIBRARY_PATH=/ihome/crc/install/intel/2017.3.196/compilers_and_libraries_2017.4.196/linux/ipp/lib/intel64:/ihome/crc/install/intel/2017.3.196/compilers_and_libraries_2017.4.196/linux/compiler/lib/intel64_lin:/ihome/crc/install/intel/2017.3.196/compilers_and_libraries_2017.4.196/linux/mkl/lib/intel64_lin:/ihome/crc/install/intel/2017.3.196/compilers_and_libraries_2017.4.196/linux/tbb/lib/intel64/gcc4.7:/ihome/crc/install/intel/2017.3.196/compilers_and_libraries_2017.4.196/linux/daal/lib/intel64_lin:/ihome/crc/install/intel/2017.3.196/compilers_and_libraries_2017.4.196/linux/ipp/lib/intel64:/ihome/crc/install/intel/2017.3.196/compilers_and_libraries_2017.4.196/linux/compiler/lib/intel64_lin:/ihome/crc/install/intel/2017.3.196/compilers_and_libraries_2017.4.196/linux/mkl/lib/intel64_lin:/ihome/crc/install/intel/2017.3.196/compilers_and_libraries_2017.4.196/linux/tbb/lib/intel64/gcc4.7:/ihome/crc/install/intel/2017.3.196/compilers_and_libraries_2017.4.196/linux/daal/lib/intel64_lin:/ihome/crc/install/intel/2017.3.196/compilers_and_libraries_2017.4.196/linux/daal/../tbb/lib/intel64_lin/gcc4.4:/usr/lib64:/ihome/crc/install/cuda/9.1.85/lib64/stubs:/ihome/crc/install/cuda/9.1.85/lib64
_LMFILES_=/ihome/crc/modules/Core/intel/2017.3.196.lua:/ihome/crc/modules/Core/cuda/9.1.85.lua:/ihome/crc/modules/Compiler/intel/2017.3.196/amber/18.lua
LMOD_CMD=/ihome/crc/install/lmod/lmod/libexec/lmod
LMOD_DEFAULT_MODULEPATH=/ihome/crc/modules/Core
LMOD_DIR=/ihome/crc/install/lmod/lmod/libexec
LMOD_PKG=/ihome/crc/install/lmod/lmod
LMOD_VERSION=6.6.3
LN=/bin/ln
LOADEDMODULES=intel/2017.3.196:cuda/9.1.85:amber/18
LOCAL=/local/439994
LOGNAME=pat53
MAIL=/var/spool/mail/pat53
MANPATH=/ihome/crc/install/intel/2017.3.196/man/common:/ihome/crc/install/intel/2017.3.196/compilers_and_libraries_2017.4.196/linux/mpi/man:/ihome/crc/install/intel/2017.3.196/documentation_2017/en/debugger//gdb-ia/man/:/ihome/crc/install/intel/2017.3.196/documentation_2017/en/debugger//gdb-mic/man/:/ihome/crc/install/intel/2017.3.196/documentation_2017/en/debugger//gdb-igfx/man/:/ihome/crc/install/intel/2017.3.196/man/common:/ihome/crc/install/intel/2017.3.196/compilers_and_libraries_2017.4.196/linux/mpi/man:/ihome/crc/install/intel/2017.3.196/documentation_2017/en/debugger//gdb-ia/man/:/ihome/crc/install/intel/2017.3.196/documentation_2017/en/debugger//gdb-mic/man/:/ihome/crc/install/intel/2017.3.196/documentation_2017/en/debugger//gdb-igfx/man/:/ihome/crc/install/cuda/9.1.85/doc/man::
MIC_LD_LIBRARY_PATH=/ihome/crc/install/intel/2017.3.196/compilers_and_libraries_2017.4.196/linux/mpi/mic/lib:/ihome/crc/install/intel/2017.3.196/compilers_and_libraries_2017.4.196/linux/compiler/lib/mic:/ihome/crc/install/intel/2017.3.196/compilers_and_libraries_2017.4.196/linux/ipp/lib/mic:/ihome/crc/install/intel/2017.3.196/compilers_and_libraries_2017.4.196/linux/compiler/lib/intel64_lin_mic:/ihome/crc/install/intel/2017.3.196/compilers_and_libraries_2017.4.196/linux/mkl/lib/intel64_lin_mic:/ihome/crc/install/intel/2017.3.196/compilers_and_libraries_2017.4.196/linux/tbb/lib/mic:/ihome/crc/install/intel/2017.3.196/compilers_and_libraries_2017.4.196/linux/mpi/mic/lib:/ihome/crc/install/intel/2017.3.196/compilers_and_libraries_2017.4.196/linux/compiler/lib/mic:/ihome/crc/install/intel/2017.3.196/compilers_and_libraries_2017.4.196/linux/ipp/lib/mic:/ihome/crc/install/intel/2017.3.196/compilers_and_libraries_2017.4.196/linux/compiler/lib/intel64_lin_mic:/ihome/crc/install/intel/2017.3.196/compilers_and_libraries_2017.4.196/linux/mkl/lib/intel64_lin_mic:/ihome/crc/install/intel/2017.3.196/compilers_and_libraries_2017.4.196/linux/tbb/lib/mic
MIC_LIBRARY_PATH=/ihome/crc/install/intel/2017.3.196/compilers_and_libraries_2017.4.196/linux/mpi/mic/lib:/ihome/crc/install/intel/2017.3.196/compilers_and_libraries_2017.4.196/linux/compiler/lib/mic:/ihome/crc/install/intel/2017.3.196/compilers_and_libraries_2017.4.196/linux/compiler/lib/intel64_lin_mic:/ihome/crc/install/intel/2017.3.196/compilers_and_libraries_2017.4.196/linux/mkl/lib/intel64_lin_mic:/ihome/crc/install/intel/2017.3.196/compilers_and_libraries_2017.4.196/linux/tbb/lib/mic:/ihome/crc/install/intel/2017.3.196/compilers_and_libraries_2017.4.196/linux/mpi/mic/lib:/ihome/crc/install/intel/2017.3.196/compilers_and_libraries_2017.4.196/linux/compiler/lib/mic:/ihome/crc/install/intel/2017.3.196/compilers_and_libraries_2017.4.196/linux/compiler/lib/intel64_lin_mic:/ihome/crc/install/intel/2017.3.196/compilers_and_libraries_2017.4.196/linux/mkl/lib/intel64_lin_mic:/ihome/crc/install/intel/2017.3.196/compilers_and_libraries_2017.4.196/linux/tbb/lib/mic
MKDIR=/bin/mkdir
MKLROOT=/ihome/crc/install/intel/2017.3.196/compilers_and_libraries_2017.4.196/linux/mkl
MODULEPATH=/ihome/crc/modules/Compiler/cuda/9.1.85:/ihome/crc/modules/Compiler/intel/2017.3.196:/ihome/crc/modules/Core
MODULESHOME=/ihome/crc/install/lmod/lmod
_ModuleTable001_=X01vZHVsZVRhYmxlXz17WyJhY3RpdmVTaXplIl09MyxiYXNlTXBhdGhBPXsiL2lob21lL2NyYy9tb2R1bGVzL0NvcmUiLH0sWyJjX3JlYnVpbGRUaW1lIl09ZmFsc2UsWyJjX3Nob3J0VGltZSJdPWZhbHNlLGZhbWlseT17fSxpbmFjdGl2ZT17fSxtVD17YW1iZXI9e1siRk4iXT0iL2lob21lL2NyYy9tb2R1bGVzL0NvbXBpbGVyL2ludGVsLzIwMTcuMy4xOTYvYW1iZXIvMTgubHVhIixbImRlZmF1bHQiXT0wLFsiZnVsbE5hbWUiXT0iYW1iZXIvMTgiLFsibG9hZE9yZGVyIl09Myxwcm9wVD17fSxbInNob3J0Il09ImFtYmVyIixbInN0YXR1cyJdPSJhY3RpdmUiLH0sY3VkYT17WyJGTiJdPSIvaWhvbWUvY3JjL21vZHVsZXMvQ29yZS9jdWRhLzkuMS44NS5sdWEiLFsiZGVmYXVs
_ModuleTable002_=dCJdPTAsWyJmdWxsTmFtZSJdPSJjdWRhLzkuMS44NSIsWyJsb2FkT3JkZXIiXT0yLHByb3BUPXt9LFsic2hvcnQiXT0iY3VkYSIsWyJzdGF0dXMiXT0iYWN0aXZlIix9LGludGVsPXtbIkZOIl09Ii9paG9tZS9jcmMvbW9kdWxlcy9Db3JlL2ludGVsLzIwMTcuMy4xOTYubHVhIixbImRlZmF1bHQiXT0wLFsiZnVsbE5hbWUiXT0iaW50ZWwvMjAxNy4zLjE5NiIsWyJsb2FkT3JkZXIiXT0xLHByb3BUPXt9LFsic2hvcnQiXT0iaW50ZWwiLFsic3RhdHVzIl09ImFjdGl2ZSIsfSx9LG1wYXRoQT17Ii9paG9tZS9jcmMvbW9kdWxlcy9Db21waWxlci9jdWRhLzkuMS44NSIsIi9paG9tZS9jcmMvbW9kdWxlcy9Db21waWxlci9pbnRlbC8yMDE3LjMuMTk2IiwiL2lob21lL2NyYy9tb2R1
_ModuleTable003_=bGVzL0NvcmUiLH0sWyJzeXN0ZW1CYXNlTVBBVEgiXT0iL2lob21lL2NyYy9tb2R1bGVzL0NvcmUiLFsidmVyc2lvbiJdPTIsfQ==
_ModuleTable_Sz_=3
MPM_LAUNCHER=/ihome/crc/install/intel/2017.3.196/debugger_2017/mpm/mic/bin/start_mpm.sh
NLSPATH=/ihome/crc/install/intel/2017.3.196/compilers_and_libraries_2017.4.196/linux/compiler/lib/intel64/locale/%l_%t/%N:/ihome/crc/install/intel/2017.3.196/compilers_and_libraries_2017.4.196/linux/mkl/lib/intel64_lin/locale/%l_%t/%N:/ihome/crc/install/intel/2017.3.196/debugger_2017/gdb/intel64_mic/share/locale/%l_%t/%N:/ihome/crc/install/intel/2017.3.196/debugger_2017/gdb/intel64/share/locale/%l_%t/%N:/ihome/crc/install/intel/2017.3.196/compilers_and_libraries_2017.4.196/linux/compiler/lib/intel64/locale/%l_%t/%N:/ihome/crc/install/intel/2017.3.196/compilers_and_libraries_2017.4.196/linux/mkl/lib/intel64_lin/locale/%l_%t/%N:/ihome/crc/install/intel/2017.3.196/debugger_2017/gdb/intel64_mic/share/locale/%l_%t/%N:/ihome/crc/install/intel/2017.3.196/debugger_2017/gdb/intel64/share/locale/%l_%t/%N
NODELOC=
OLDPWD=/ihome/lchong/pat53
PASTE=/usr/bin/paste
PATH=/ihome/crc/install/intel/2017.3.196/compilers_and_libraries_2017.4.196/linux/bin/intel64:/ihome/crc/install/intel/2017.3.196/compilers_and_libraries_2017.4.196/linux/mpi/intel64/bin:/ihome/crc/install/intel/2017.3.196/debugger_2017/gdb/intel64_mic/bin:/ihome/crc/install/intel/2017.3.196/compilers_and_libraries_2017.4.196/linux/bin/intel64:/ihome/crc/install/intel/2017.3.196/compilers_and_libraries_2017.4.196/linux/mpi/intel64/bin:/ihome/crc/install/intel/2017.3.196/debugger_2017/gdb/intel64_mic/bin:/ihome/crc/build/amber/amber18/bin:/ihome/crc/install/cuda/9.1.85/bin:/ihome/lchong/pat53/apps/westpa/18.02.23/bin:ihome/lchong/pat53/apps/westpa/18.02.23/bin:/zfs1/lchong/atb43/apps/amber18/bin:/ihome/lchong/pat53/anaconda2/bin:/ihome/lchong/pat53/apps/westpa/18.02.23/bin:ihome/lchong/pat53/apps/westpa/18.02.23/bin:/zfs1/lchong/atb43/apps/amber18/bin:/ihome/lchong/pat53/anaconda2/bin:/usr/local/bin:/usr/bin:/usr/local/sbin:/usr/sbin:/ihome/lchong/pat53/bin
PERL=/usr/bin/perl
PWD=/bgfs/lchong/pat53/p53forpaper/intermediate_p533
RM=/bin/rm
SANDER=/ihome/crc/build/amber/amber18/bin/sander
SED=/bin/sed
SHELL=/bin/bash
SHLVL=2
SIM_NAME=intermediate_p533
SLURM_NODENAME=ib-n12
SORT=/usr/bin/sort
SSH_CLIENT=10.201.1.11 58616 22
SSH_CONNECTION=10.201.1.11 58616 10.201.1.12 22
TAR=/bin/tar
TBBROOT=/ihome/crc/install/intel/2017.3.196/compilers_and_libraries_2017.4.196/linux/tbb
TR=/usr/bin/tr
UNIQ=/usr/bin/uniq
USE_LOCAL_SCRATCH=1
USER=pat53
_=/usr/bin/env
WEST_BIN=/ihome/lchong/pat53/apps/westpa/18.02.23/bin
WEST_JOBID=439994
WEST_ROOT=/ihome/lchong/pat53/apps/westpa/18.02.23
WEST_SIM_ROOT=/bgfs/lchong/pat53/p53forpaper/intermediate_p533
WM_ZMQ_MASTER_HEARTBEAT=100
WM_ZMQ_TIMEOUT_FACTOR=300
WM_ZMQ_WORKER_HEARTBEAT=100
XDG_RUNTIME_DIR=/run/user/154519
XDG_SESSION_ID=3642
ZSH=/bin/zsh
simulation intermediate_p533 root is /bgfs/lchong/pat53/p53forpaper/intermediate_p533
starting WEST client processes on: 
ib-n13.crc.pitt.edu
current directory is /bgfs/lchong/pat53/p53forpaper/intermediate_p533
environment is: 
}
}
 [ $? = 0 ] && eval $(${LMOD_SETTARG_CMD:-:} -s sh)
AMBERHOME=/ihome/crc/build/amber/amber18
AMBER_PREFIX=/ihome/crc/build/amber/amber18
AWK=/usr/bin/awk
BASH=/bin/bash
BASH_FUNC_ml()=() {  eval $($LMOD_DIR/ml_cmd "$@")
BASH_FUNC_module()=() {  eval $($LMOD_CMD bash "$@");
CAT=/bin/cat
CLASSPATH=/ihome/crc/install/intel/2017.3.196/compilers_and_libraries_2017.4.196/linux/mpi/intel64/lib/mpi.jar:/ihome/crc/install/intel/2017.3.196/compilers_and_libraries_2017.4.196/linux/daal/lib/daal.jar:/ihome/crc/install/intel/2017.3.196/compilers_and_libraries_2017.4.196/linux/mpi/intel64/lib/mpi.jar:/ihome/crc/install/intel/2017.3.196/compilers_and_libraries_2017.4.196/linux/daal/lib/daal.jar
CMAKE_PREFIX_PATH=/ihome/crc/install/cuda/9.1.85
CPATH=/ihome/crc/install/intel/2017.3.196/compilers_and_libraries_2017.4.196/linux/ipp/include:/ihome/crc/install/intel/2017.3.196/compilers_and_libraries_2017.4.196/linux/mkl/include:/ihome/crc/install/intel/2017.3.196/compilers_and_libraries_2017.4.196/linux/tbb/include:/ihome/crc/install/intel/2017.3.196/compilers_and_libraries_2017.4.196/linux/daal/include:/ihome/crc/install/intel/2017.3.196/compilers_and_libraries_2017.4.196/linux/ipp/include:/ihome/crc/install/intel/2017.3.196/compilers_and_libraries_2017.4.196/linux/mkl/include:/ihome/crc/install/intel/2017.3.196/compilers_and_libraries_2017.4.196/linux/tbb/include:/ihome/crc/install/intel/2017.3.196/compilers_and_libraries_2017.4.196/linux/daal/include
CP=/bin/cp
CPPTRAJ=/ihome/crc/build/amber/amber18/bin/cpptraj
CUDA_ROOT=/ihome/crc/install/cuda/9.1.85
CUDAROOT=/ihome/crc/install/cuda/9.1.85
CUT=/usr/bin/cut
DAALROOT=/ihome/crc/install/intel/2017.3.196/compilers_and_libraries_2017.4.196/linux/daal
DATE=/bin/date
ECHO=/bin/echo
GDB_CROSS=/ihome/crc/install/intel/2017.3.196/debugger_2017/gdb/intel64_mic/bin/gdb-mic
GDBSERVER_MIC=/ihome/crc/install/intel/2017.3.196/debugger_2017/gdb/targets/mic/bin/gdbserver
GREP=/bin/grep
HEAD=/usr/bin/head
HISTCONTROL=ignoredups
HISTSIZE=1000
HOME=/ihome/lchong/pat53
HOSTNAME=ib-n13.crc.pitt.edu
IFCONFIG=/bin/ifconfig
I_MPI_ROOT=/ihome/crc/install/intel/2017.3.196/compilers_and_libraries_2017.4.196/linux/mpi
INFOPATH=/ihome/crc/install/intel/2017.3.196/documentation_2017/en/debugger//gdb-ia/info/:/ihome/crc/install/intel/2017.3.196/documentation_2017/en/debugger//gdb-mic/info/:/ihome/crc/install/intel/2017.3.196/documentation_2017/en/debugger//gdb-igfx/info/:/ihome/crc/install/intel/2017.3.196/documentation_2017/en/debugger//gdb-ia/info/:/ihome/crc/install/intel/2017.3.196/documentation_2017/en/debugger//gdb-mic/info/:/ihome/crc/install/intel/2017.3.196/documentation_2017/en/debugger//gdb-igfx/info/
INTEL_LICENSE_FILE=28519@10.201.0.113:/ihome/crc/install/intel/2017.3.196/compilers_and_libraries_2017.4.196/linux/licenses:/opt/intel/licenses:/ihome/lchong/pat53/intel/licenses:/ihome/crc/install/intel/2017.3.196/compilers_and_libraries_2017.4.196/linux/licenses:/opt/intel/licenses:/ihome/lchong/pat53/intel/licenses
INTEL_PYTHONHOME=/ihome/crc/install/intel/2017.3.196/debugger_2017/python/intel64/
IPPROOT=/ihome/crc/install/intel/2017.3.196/compilers_and_libraries_2017.4.196/linux/ipp
LANG=en_US.UTF-8
LD_LIBRARY_PATH=/ihome/crc/install/intel/2017.3.196/compilers_and_libraries_2017.4.196/linux/compiler/lib/intel64:/ihome/crc/install/intel/2017.3.196/compilers_and_libraries_2017.4.196/linux/compiler/lib/intel64_lin:/ihome/crc/install/intel/2017.3.196/compilers_and_libraries_2017.4.196/linux/mpi/intel64/lib:/ihome/crc/install/intel/2017.3.196/compilers_and_libraries_2017.4.196/linux/mpi/mic/lib:/ihome/crc/install/intel/2017.3.196/compilers_and_libraries_2017.4.196/linux/ipp/lib/intel64:/ihome/crc/install/intel/2017.3.196/compilers_and_libraries_2017.4.196/linux/compiler/lib/intel64_lin:/ihome/crc/install/intel/2017.3.196/compilers_and_libraries_2017.4.196/linux/mkl/lib/intel64_lin:/ihome/crc/install/intel/2017.3.196/compilers_and_libraries_2017.4.196/linux/tbb/lib/intel64/gcc4.7:/ihome/crc/install/intel/2017.3.196/debugger_2017/iga/lib:/ihome/crc/install/intel/2017.3.196/debugger_2017/libipt/intel64/lib:/ihome/crc/install/intel/2017.3.196/compilers_and_libraries_2017.4.196/linux/daal/lib/intel64_lin:/ihome/crc/install/intel/2017.3.196/compilers_and_libraries_2017.4.196/linux/compiler/lib/intel64:/ihome/crc/install/intel/2017.3.196/compilers_and_libraries_2017.4.196/linux/compiler/lib/intel64_lin:/ihome/crc/install/intel/2017.3.196/compilers_and_libraries_2017.4.196/linux/mpi/intel64/lib:/ihome/crc/install/intel/2017.3.196/compilers_and_libraries_2017.4.196/linux/mpi/mic/lib:/ihome/crc/install/intel/2017.3.196/compilers_and_libraries_2017.4.196/linux/ipp/lib/intel64:/ihome/crc/install/intel/2017.3.196/compilers_and_libraries_2017.4.196/linux/compiler/lib/intel64_lin:/ihome/crc/install/intel/2017.3.196/compilers_and_libraries_2017.4.196/linux/mkl/lib/intel64_lin:/ihome/crc/install/intel/2017.3.196/compilers_and_libraries_2017.4.196/linux/tbb/lib/intel64/gcc4.7:/ihome/crc/install/intel/2017.3.196/debugger_2017/iga/lib:/ihome/crc/install/intel/2017.3.196/debugger_2017/libipt/intel64/lib:/ihome/crc/install/intel/2017.3.196/compilers_and_libraries_2017.4.196/linux/daal/lib/intel64_lin:/ihome/crc/install/intel/2017.3.196/compilers_and_libraries_2017.4.196/linux/daal/../tbb/lib/intel64_lin/gcc4.4:/ihome/crc/build/amber/amber18/lib:/usr/lib64:/ihome/crc/install/cuda/9.1.85/lib64/stubs:/ihome/crc/install/cuda/9.1.85/lib64:/zfs1/lchong/atb43/apps/amber18/lib:/zfs1/lchong/atb43/apps/amber18/lib
LESSOPEN=||/usr/bin/lesspipe.sh %s
LIBRARY_PATH=/ihome/crc/install/intel/2017.3.196/compilers_and_libraries_2017.4.196/linux/ipp/lib/intel64:/ihome/crc/install/intel/2017.3.196/compilers_and_libraries_2017.4.196/linux/compiler/lib/intel64_lin:/ihome/crc/install/intel/2017.3.196/compilers_and_libraries_2017.4.196/linux/mkl/lib/intel64_lin:/ihome/crc/install/intel/2017.3.196/compilers_and_libraries_2017.4.196/linux/tbb/lib/intel64/gcc4.7:/ihome/crc/install/intel/2017.3.196/compilers_and_libraries_2017.4.196/linux/daal/lib/intel64_lin:/ihome/crc/install/intel/2017.3.196/compilers_and_libraries_2017.4.196/linux/ipp/lib/intel64:/ihome/crc/install/intel/2017.3.196/compilers_and_libraries_2017.4.196/linux/compiler/lib/intel64_lin:/ihome/crc/install/intel/2017.3.196/compilers_and_libraries_2017.4.196/linux/mkl/lib/intel64_lin:/ihome/crc/install/intel/2017.3.196/compilers_and_libraries_2017.4.196/linux/tbb/lib/intel64/gcc4.7:/ihome/crc/install/intel/2017.3.196/compilers_and_libraries_2017.4.196/linux/daal/lib/intel64_lin:/ihome/crc/install/intel/2017.3.196/compilers_and_libraries_2017.4.196/linux/daal/../tbb/lib/intel64_lin/gcc4.4:/usr/lib64:/ihome/crc/install/cuda/9.1.85/lib64/stubs:/ihome/crc/install/cuda/9.1.85/lib64
_LMFILES_=/ihome/crc/modules/Core/intel/2017.3.196.lua:/ihome/crc/modules/Core/cuda/9.1.85.lua:/ihome/crc/modules/Compiler/intel/2017.3.196/amber/18.lua
LMOD_CMD=/ihome/crc/install/lmod/lmod/libexec/lmod
LMOD_DEFAULT_MODULEPATH=/ihome/crc/modules/Core
LMOD_DIR=/ihome/crc/install/lmod/lmod/libexec
LMOD_PKG=/ihome/crc/install/lmod/lmod
LMOD_VERSION=6.6.3
LN=/bin/ln
LOADEDMODULES=intel/2017.3.196:cuda/9.1.85:amber/18
LOCAL=/local/439994
LOGNAME=pat53
MAIL=/var/spool/mail/pat53
MANPATH=/ihome/crc/install/intel/2017.3.196/man/common:/ihome/crc/install/intel/2017.3.196/compilers_and_libraries_2017.4.196/linux/mpi/man:/ihome/crc/install/intel/2017.3.196/documentation_2017/en/debugger//gdb-ia/man/:/ihome/crc/install/intel/2017.3.196/documentation_2017/en/debugger//gdb-mic/man/:/ihome/crc/install/intel/2017.3.196/documentation_2017/en/debugger//gdb-igfx/man/:/ihome/crc/install/intel/2017.3.196/man/common:/ihome/crc/install/intel/2017.3.196/compilers_and_libraries_2017.4.196/linux/mpi/man:/ihome/crc/install/intel/2017.3.196/documentation_2017/en/debugger//gdb-ia/man/:/ihome/crc/install/intel/2017.3.196/documentation_2017/en/debugger//gdb-mic/man/:/ihome/crc/install/intel/2017.3.196/documentation_2017/en/debugger//gdb-igfx/man/:/ihome/crc/install/cuda/9.1.85/doc/man::
MIC_LD_LIBRARY_PATH=/ihome/crc/install/intel/2017.3.196/compilers_and_libraries_2017.4.196/linux/mpi/mic/lib:/ihome/crc/install/intel/2017.3.196/compilers_and_libraries_2017.4.196/linux/compiler/lib/mic:/ihome/crc/install/intel/2017.3.196/compilers_and_libraries_2017.4.196/linux/ipp/lib/mic:/ihome/crc/install/intel/2017.3.196/compilers_and_libraries_2017.4.196/linux/compiler/lib/intel64_lin_mic:/ihome/crc/install/intel/2017.3.196/compilers_and_libraries_2017.4.196/linux/mkl/lib/intel64_lin_mic:/ihome/crc/install/intel/2017.3.196/compilers_and_libraries_2017.4.196/linux/tbb/lib/mic:/ihome/crc/install/intel/2017.3.196/compilers_and_libraries_2017.4.196/linux/mpi/mic/lib:/ihome/crc/install/intel/2017.3.196/compilers_and_libraries_2017.4.196/linux/compiler/lib/mic:/ihome/crc/install/intel/2017.3.196/compilers_and_libraries_2017.4.196/linux/ipp/lib/mic:/ihome/crc/install/intel/2017.3.196/compilers_and_libraries_2017.4.196/linux/compiler/lib/intel64_lin_mic:/ihome/crc/install/intel/2017.3.196/compilers_and_libraries_2017.4.196/linux/mkl/lib/intel64_lin_mic:/ihome/crc/install/intel/2017.3.196/compilers_and_libraries_2017.4.196/linux/tbb/lib/mic
MIC_LIBRARY_PATH=/ihome/crc/install/intel/2017.3.196/compilers_and_libraries_2017.4.196/linux/mpi/mic/lib:/ihome/crc/install/intel/2017.3.196/compilers_and_libraries_2017.4.196/linux/compiler/lib/mic:/ihome/crc/install/intel/2017.3.196/compilers_and_libraries_2017.4.196/linux/compiler/lib/intel64_lin_mic:/ihome/crc/install/intel/2017.3.196/compilers_and_libraries_2017.4.196/linux/mkl/lib/intel64_lin_mic:/ihome/crc/install/intel/2017.3.196/compilers_and_libraries_2017.4.196/linux/tbb/lib/mic:/ihome/crc/install/intel/2017.3.196/compilers_and_libraries_2017.4.196/linux/mpi/mic/lib:/ihome/crc/install/intel/2017.3.196/compilers_and_libraries_2017.4.196/linux/compiler/lib/mic:/ihome/crc/install/intel/2017.3.196/compilers_and_libraries_2017.4.196/linux/compiler/lib/intel64_lin_mic:/ihome/crc/install/intel/2017.3.196/compilers_and_libraries_2017.4.196/linux/mkl/lib/intel64_lin_mic:/ihome/crc/install/intel/2017.3.196/compilers_and_libraries_2017.4.196/linux/tbb/lib/mic
MKDIR=/bin/mkdir
MKLROOT=/ihome/crc/install/intel/2017.3.196/compilers_and_libraries_2017.4.196/linux/mkl
MODULEPATH=/ihome/crc/modules/Compiler/cuda/9.1.85:/ihome/crc/modules/Compiler/intel/2017.3.196:/ihome/crc/modules/Core
MODULESHOME=/ihome/crc/install/lmod/lmod
_ModuleTable001_=X01vZHVsZVRhYmxlXz17WyJhY3RpdmVTaXplIl09MyxiYXNlTXBhdGhBPXsiL2lob21lL2NyYy9tb2R1bGVzL0NvcmUiLH0sWyJjX3JlYnVpbGRUaW1lIl09ZmFsc2UsWyJjX3Nob3J0VGltZSJdPWZhbHNlLGZhbWlseT17fSxpbmFjdGl2ZT17fSxtVD17YW1iZXI9e1siRk4iXT0iL2lob21lL2NyYy9tb2R1bGVzL0NvbXBpbGVyL2ludGVsLzIwMTcuMy4xOTYvYW1iZXIvMTgubHVhIixbImRlZmF1bHQiXT0wLFsiZnVsbE5hbWUiXT0iYW1iZXIvMTgiLFsibG9hZE9yZGVyIl09Myxwcm9wVD17fSxbInNob3J0Il09ImFtYmVyIixbInN0YXR1cyJdPSJhY3RpdmUiLH0sY3VkYT17WyJGTiJdPSIvaWhvbWUvY3JjL21vZHVsZXMvQ29yZS9jdWRhLzkuMS44NS5sdWEiLFsiZGVmYXVs
_ModuleTable002_=dCJdPTAsWyJmdWxsTmFtZSJdPSJjdWRhLzkuMS44NSIsWyJsb2FkT3JkZXIiXT0yLHByb3BUPXt9LFsic2hvcnQiXT0iY3VkYSIsWyJzdGF0dXMiXT0iYWN0aXZlIix9LGludGVsPXtbIkZOIl09Ii9paG9tZS9jcmMvbW9kdWxlcy9Db3JlL2ludGVsLzIwMTcuMy4xOTYubHVhIixbImRlZmF1bHQiXT0wLFsiZnVsbE5hbWUiXT0iaW50ZWwvMjAxNy4zLjE5NiIsWyJsb2FkT3JkZXIiXT0xLHByb3BUPXt9LFsic2hvcnQiXT0iaW50ZWwiLFsic3RhdHVzIl09ImFjdGl2ZSIsfSx9LG1wYXRoQT17Ii9paG9tZS9jcmMvbW9kdWxlcy9Db21waWxlci9jdWRhLzkuMS44NSIsIi9paG9tZS9jcmMvbW9kdWxlcy9Db21waWxlci9pbnRlbC8yMDE3LjMuMTk2IiwiL2lob21lL2NyYy9tb2R1
_ModuleTable003_=bGVzL0NvcmUiLH0sWyJzeXN0ZW1CYXNlTVBBVEgiXT0iL2lob21lL2NyYy9tb2R1bGVzL0NvcmUiLFsidmVyc2lvbiJdPTIsfQ==
_ModuleTable_Sz_=3
MPM_LAUNCHER=/ihome/crc/install/intel/2017.3.196/debugger_2017/mpm/mic/bin/start_mpm.sh
NLSPATH=/ihome/crc/install/intel/2017.3.196/compilers_and_libraries_2017.4.196/linux/compiler/lib/intel64/locale/%l_%t/%N:/ihome/crc/install/intel/2017.3.196/compilers_and_libraries_2017.4.196/linux/mkl/lib/intel64_lin/locale/%l_%t/%N:/ihome/crc/install/intel/2017.3.196/debugger_2017/gdb/intel64_mic/share/locale/%l_%t/%N:/ihome/crc/install/intel/2017.3.196/debugger_2017/gdb/intel64/share/locale/%l_%t/%N:/ihome/crc/install/intel/2017.3.196/compilers_and_libraries_2017.4.196/linux/compiler/lib/intel64/locale/%l_%t/%N:/ihome/crc/install/intel/2017.3.196/compilers_and_libraries_2017.4.196/linux/mkl/lib/intel64_lin/locale/%l_%t/%N:/ihome/crc/install/intel/2017.3.196/debugger_2017/gdb/intel64_mic/share/locale/%l_%t/%N:/ihome/crc/install/intel/2017.3.196/debugger_2017/gdb/intel64/share/locale/%l_%t/%N
NODELOC=
OLDPWD=/ihome/lchong/pat53
PASTE=/usr/bin/paste
PATH=/ihome/crc/install/intel/2017.3.196/compilers_and_libraries_2017.4.196/linux/bin/intel64:/ihome/crc/install/intel/2017.3.196/compilers_and_libraries_2017.4.196/linux/mpi/intel64/bin:/ihome/crc/install/intel/2017.3.196/debugger_2017/gdb/intel64_mic/bin:/ihome/crc/install/intel/2017.3.196/compilers_and_libraries_2017.4.196/linux/bin/intel64:/ihome/crc/install/intel/2017.3.196/compilers_and_libraries_2017.4.196/linux/mpi/intel64/bin:/ihome/crc/install/intel/2017.3.196/debugger_2017/gdb/intel64_mic/bin:/ihome/crc/build/amber/amber18/bin:/ihome/crc/install/cuda/9.1.85/bin:/ihome/lchong/pat53/apps/westpa/18.02.23/bin:ihome/lchong/pat53/apps/westpa/18.02.23/bin:/zfs1/lchong/atb43/apps/amber18/bin:/ihome/lchong/pat53/anaconda2/bin:/ihome/lchong/pat53/apps/westpa/18.02.23/bin:ihome/lchong/pat53/apps/westpa/18.02.23/bin:/zfs1/lchong/atb43/apps/amber18/bin:/ihome/lchong/pat53/anaconda2/bin:/usr/local/bin:/usr/bin:/usr/local/sbin:/usr/sbin:/ihome/lchong/pat53/bin
PERL=/usr/bin/perl
PWD=/bgfs/lchong/pat53/p53forpaper/intermediate_p533
RM=/bin/rm
SANDER=/ihome/crc/build/amber/amber18/bin/sander
SED=/bin/sed
SHELL=/bin/bash
SHLVL=2
SIM_NAME=intermediate_p533
SLURM_NODENAME=ib-n13
SORT=/usr/bin/sort
SSH_CLIENT=10.201.1.11 41078 22
SSH_CONNECTION=10.201.1.11 41078 10.201.1.13 22
TAR=/bin/tar
TBBROOT=/ihome/crc/install/intel/2017.3.196/compilers_and_libraries_2017.4.196/linux/tbb
TR=/usr/bin/tr
UNIQ=/usr/bin/uniq
USE_LOCAL_SCRATCH=1
USER=pat53
_=/usr/bin/env
WEST_BIN=/ihome/lchong/pat53/apps/westpa/18.02.23/bin
WEST_JOBID=439994
WEST_ROOT=/ihome/lchong/pat53/apps/westpa/18.02.23
WEST_SIM_ROOT=/bgfs/lchong/pat53/p53forpaper/intermediate_p533
WM_ZMQ_MASTER_HEARTBEAT=100
WM_ZMQ_TIMEOUT_FACTOR=300
WM_ZMQ_WORKER_HEARTBEAT=100
XDG_RUNTIME_DIR=/run/user/154519
XDG_SESSION_ID=3642
ZSH=/bin/zsh
Shutting down.  Hopefully this was on purpose?
Shutting down.  Hopefully this was on purpose?
Shutting down.  Hopefully this was on purpose?
